2019-06-16T02:59:06.6936989Z	ErrorId: b8f9ba14-df92-4dfd-a041-9a7b396af8c0

	Utc:		2019-06-16T02:59:06.6936989Z
	Machine:	DESKTOP-ULKI72S
	Application:	C:\Program Files (x86)\IIS Express\iisexpress.exe
	System:		Volvo/NVS/POS
	Version:	Vunknown. Build date is unknown
	Description:	-
	Transaction:	-

	Exception stack: 3 level(s)
	------------------------------------------------------------------------------------------

	>> could not execute query
	  [ exec GetTotalRenewalCount @p0 ]
	    Name:username - Value:harry sohal
	  [SQL: exec GetTotalRenewalCount @p0]

	   Type: NHibernate.Exceptions.GenericADOException
	      at NHibernate.Loader.Loader.DoList(ISessionImplementor session, QueryParameters queryParameters, IResultTransformer forcedResultTransformer)
	      at NHibernate.Loader.Loader.ListIgnoreQueryCache(ISessionImplementor session, QueryParameters queryParameters)
	      at NHibernate.Loader.Loader.List(ISessionImplementor session, QueryParameters queryParameters, ISet`1 querySpaces, IType[] resultTypes)
	      at NHibernate.Impl.SessionImpl.ListCustomQuery(ICustomQuery customQuery, QueryParameters queryParameters, IList results)
	      at NHibernate.Impl.AbstractSessionImpl.List(NativeSQLQuerySpecification spec, QueryParameters queryParameters, IList results)
	      at NHibernate.Impl.AbstractSessionImpl.List(NativeSQLQuerySpecification spec, QueryParameters queryParameters)
	      at NHibernate.Impl.SqlQueryImpl.List()
	      at NHibernate.Impl.AbstractQueryImpl.UniqueResult[T]()
	      at Volvo.LAT.POLineDomain.InfrastructureLayer.Repositories.DashboardRepository.FindNewPurchaseOrders(Int32 pageZise, Int32 pagesSkip, String username, Int32& totalRecords) in D:\bala\Src\NVSComponents\POLineDomain\Infrastructure\InfrastructureLayer\Repositories\DashboardRepository.cs:line 18
	      at Volvo.LAT.POLineDomain.DomainLayer.DashboardService.FindNewPurchaseOrders(Int32 pagesize, Int32 pageNuber, String username, Int32& totalrecords) in D:\bala\Src\NVSComponents\POLineDomain\Services\DomainLayer\DashboardService.cs:line 45
	      at Volvo.LAT.MVCWebUIComponent.Controllers.DashboardController.GetNewPurchaseOrders(DataSourceRequest request) in D:\bala\Src\NVSComponents\MVCWebUIComponent\Controllers\DashboardController.cs:line 121
	      at lambda_method(Closure , ControllerBase , Object[] )
	      at System.Web.Mvc.ActionMethodDispatcher.Execute(ControllerBase controller, Object[] parameters)
	      at System.Web.Mvc.ReflectedActionDescriptor.Execute(ControllerContext controllerContext, IDictionary`2 parameters)
	      at System.Web.Mvc.ControllerActionInvoker.InvokeActionMethod(ControllerContext controllerContext, ActionDescriptor actionDescriptor, IDictionary`2 parameters)
	      at System.Web.Mvc.Async.AsyncControllerActionInvoker.<BeginInvokeSynchronousActionMethod>b__39(IAsyncResult asyncResult, ActionInvocation innerInvokeState)
	      at System.Web.Mvc.Async.AsyncResultWrapper.WrappedAsyncResult`2.CallEndDelegate(IAsyncResult asyncResult)
	      at System.Web.Mvc.Async.AsyncResultWrapper.WrappedAsyncResultBase`1.End()
	      at System.Web.Mvc.Async.AsyncControllerActionInvoker.EndInvokeActionMethod(IAsyncResult asyncResult)
	      at System.Web.Mvc.Async.AsyncControllerActionInvoker.AsyncInvocationWithFilters.<InvokeActionMethodFilterAsynchronouslyRecursive>b__3d()
	      at System.Web.Mvc.Async.AsyncControllerActionInvoker.AsyncInvocationWithFilters.<>c__DisplayClass46.<InvokeActionMethodFilterAsynchronouslyRecursive>b__3f()
	      at System.Web.Mvc.Async.AsyncControllerActionInvoker.AsyncInvocationWithFilters.<>c__DisplayClass46.<InvokeActionMethodFilterAsynchronouslyRecursive>b__3f()
	      at System.Web.Mvc.Async.AsyncControllerActionInvoker.<>c__DisplayClass33.<BeginInvokeActionMethodWithFilters>b__32(IAsyncResult asyncResult)
	      at System.Web.Mvc.Async.AsyncResultWrapper.WrappedAsyncResult`1.CallEndDelegate(IAsyncResult asyncResult)
	      at System.Web.Mvc.Async.AsyncResultWrapper.WrappedAsyncResultBase`1.End()
	      at System.Web.Mvc.Async.AsyncControllerActionInvoker.EndInvokeActionMethodWithFilters(IAsyncResult asyncResult)
	      at System.Web.Mvc.Async.AsyncControllerActionInvoker.<>c__DisplayClass21.<>c__DisplayClass2b.<BeginInvokeAction>b__1c()
	      at System.Web.Mvc.Async.AsyncControllerActionInvoker.<>c__DisplayClass21.<BeginInvokeAction>b__1e(IAsyncResult asyncResult)
	      at System.Web.Mvc.Async.AsyncResultWrapper.WrappedAsyncResult`1.CallEndDelegate(IAsyncResult asyncResult)
	      at System.Web.Mvc.Async.AsyncResultWrapper.WrappedAsyncResultBase`1.End()
	      at System.Web.Mvc.Async.AsyncControllerActionInvoker.EndInvokeAction(IAsyncResult asyncResult)
	      at System.Web.Mvc.Controller.<BeginExecuteCore>b__1d(IAsyncResult asyncResult, ExecuteCoreState innerState)
	      at System.Web.Mvc.Async.AsyncResultWrapper.WrappedAsyncVoid`1.CallEndDelegate(IAsyncResult asyncResult)
	      at System.Web.Mvc.Async.AsyncResultWrapper.WrappedAsyncResultBase`1.End()
	      at System.Web.Mvc.Controller.EndExecuteCore(IAsyncResult asyncResult)
	      at System.Web.Mvc.Controller.<BeginExecute>b__15(IAsyncResult asyncResult, Controller controller)
	      at System.Web.Mvc.Async.AsyncResultWrapper.WrappedAsyncVoid`1.CallEndDelegate(IAsyncResult asyncResult)
	      at System.Web.Mvc.Async.AsyncResultWrapper.WrappedAsyncResultBase`1.End()
	      at System.Web.Mvc.Controller.EndExecute(IAsyncResult asyncResult)
	      at System.Web.Mvc.Controller.System.Web.Mvc.Async.IAsyncController.EndExecute(IAsyncResult asyncResult)
	      at System.Web.Mvc.MvcHandler.<BeginProcessRequest>b__5(IAsyncResult asyncResult, ProcessRequestState innerState)
	      at System.Web.Mvc.Async.AsyncResultWrapper.WrappedAsyncVoid`1.CallEndDelegate(IAsyncResult asyncResult)
	      at System.Web.Mvc.Async.AsyncResultWrapper.WrappedAsyncResultBase`1.End()
	      at System.Web.Mvc.MvcHandler.EndProcessRequest(IAsyncResult asyncResult)
	      at System.Web.Mvc.MvcHandler.System.Web.IHttpAsyncHandler.EndProcessRequest(IAsyncResult result)
	      at System.Web.HttpApplication.CallHandlerExecutionStep.System.Web.HttpApplication.IExecutionStep.Execute()
	      at System.Web.HttpApplication.ExecuteStepImpl(IExecutionStep step)
	      at System.Web.HttpApplication.ExecuteStep(IExecutionStep step, Boolean& completedSynchronously)
	------------------------------------------------------------------------------------------

		>> Execution Timeout Expired.  The timeout period elapsed prior to completion of the operation or the server is not responding.

		   Type: System.Data.SqlClient.SqlException
		      at System.Data.SqlClient.SqlConnection.OnError(SqlException exception, Boolean breakConnection, Action`1 wrapCloseInAction)
		      at System.Data.SqlClient.SqlInternalConnection.OnError(SqlException exception, Boolean breakConnection, Action`1 wrapCloseInAction)
		      at System.Data.SqlClient.TdsParser.ThrowExceptionAndWarning(TdsParserStateObject stateObj, Boolean callerHasConnectionLock, Boolean asyncClose)
		      at System.Data.SqlClient.TdsParser.TryRun(RunBehavior runBehavior, SqlCommand cmdHandler, SqlDataReader dataStream, BulkCopySimpleResultSet bulkCopyHandler, TdsParserStateObject stateObj, Boolean& dataReady)
		      at System.Data.SqlClient.SqlDataReader.TryConsumeMetaData()
		      at System.Data.SqlClient.SqlDataReader.get_MetaData()
		      at System.Data.SqlClient.SqlCommand.FinishExecuteReader(SqlDataReader ds, RunBehavior runBehavior, String resetOptionsString, Boolean isInternal, Boolean forDescribeParameterEncryption, Boolean shouldCacheForAlwaysEncrypted)
		      at System.Data.SqlClient.SqlCommand.RunExecuteReaderTds(CommandBehavior cmdBehavior, RunBehavior runBehavior, Boolean returnStream, Boolean async, Int32 timeout, Task& task, Boolean asyncWrite, Boolean inRetry, SqlDataReader ds, Boolean describeParameterEncryptionRequest)
		      at System.Data.SqlClient.SqlCommand.RunExecuteReader(CommandBehavior cmdBehavior, RunBehavior runBehavior, Boolean returnStream, String method, TaskCompletionSource`1 completion, Int32 timeout, Task& task, Boolean& usedCache, Boolean asyncWrite, Boolean inRetry)
		      at System.Data.SqlClient.SqlCommand.RunExecuteReader(CommandBehavior cmdBehavior, RunBehavior runBehavior, Boolean returnStream, String method)
		      at System.Data.SqlClient.SqlCommand.ExecuteReader(CommandBehavior behavior, String method)
		      at System.Data.SqlClient.SqlCommand.ExecuteDbDataReader(CommandBehavior behavior)
		      at System.Data.Common.DbCommand.System.Data.IDbCommand.ExecuteReader()
		      at NHibernate.AdoNet.AbstractBatcher.ExecuteReader(IDbCommand cmd)
		      at NHibernate.Loader.Loader.GetResultSet(IDbCommand st, Boolean autoDiscoverTypes, Boolean callable, RowSelection selection, ISessionImplementor session)
		      at NHibernate.Loader.Loader.DoQuery(ISessionImplementor session, QueryParameters queryParameters, Boolean returnProxies, IResultTransformer forcedResultTransformer)
		      at NHibernate.Loader.Loader.DoQueryAndInitializeNonLazyCollections(ISessionImplementor session, QueryParameters queryParameters, Boolean returnProxies, IResultTransformer forcedResultTransformer)
		      at NHibernate.Loader.Loader.DoList(ISessionImplementor session, QueryParameters queryParameters, IResultTransformer forcedResultTransformer)
		------------------------------------------------------------------------------------------

			>> The wait operation timed out

			   Type: System.ComponentModel.Win32Exception
			   
			------------------------------------------------------------------------------------------


2019-06-16T05:12:57.4045704Z	ErrorId: f398c6fe-fad4-4a12-839d-01e71bc0d901

	Utc:		2019-06-16T05:12:57.4045704Z
	Machine:	DESKTOP-ULKI72S
	Application:	C:\Program Files (x86)\IIS Express\iisexpress.exe
	System:		Volvo/NVS/POS
	Version:	Vunknown. Build date is unknown
	Description:	-
	Transaction:	-

	Exception stack: 3 level(s)
	------------------------------------------------------------------------------------------

	>> could not execute query
	  [ exec GetTotalRenewalCount @p0 ]
	    Name:username - Value:harry sohal
	  [SQL: exec GetTotalRenewalCount @p0]

	   Type: NHibernate.Exceptions.GenericADOException
	      at NHibernate.Loader.Loader.DoList(ISessionImplementor session, QueryParameters queryParameters, IResultTransformer forcedResultTransformer)
	      at NHibernate.Loader.Loader.ListIgnoreQueryCache(ISessionImplementor session, QueryParameters queryParameters)
	      at NHibernate.Loader.Loader.List(ISessionImplementor session, QueryParameters queryParameters, ISet`1 querySpaces, IType[] resultTypes)
	      at NHibernate.Impl.SessionImpl.ListCustomQuery(ICustomQuery customQuery, QueryParameters queryParameters, IList results)
	      at NHibernate.Impl.AbstractSessionImpl.List(NativeSQLQuerySpecification spec, QueryParameters queryParameters, IList results)
	      at NHibernate.Impl.AbstractSessionImpl.List(NativeSQLQuerySpecification spec, QueryParameters queryParameters)
	      at NHibernate.Impl.SqlQueryImpl.List()
	      at NHibernate.Impl.AbstractQueryImpl.UniqueResult[T]()
	      at Volvo.LAT.POLineDomain.InfrastructureLayer.Repositories.DashboardRepository.FindNewPurchaseOrders(Int32 pageZise, Int32 pagesSkip, String username, Int32& totalRecords) in D:\bala\Src\NVSComponents\POLineDomain\Infrastructure\InfrastructureLayer\Repositories\DashboardRepository.cs:line 18
	      at Volvo.LAT.POLineDomain.DomainLayer.DashboardService.FindNewPurchaseOrders(Int32 pagesize, Int32 pageNuber, String username, Int32& totalrecords) in D:\bala\Src\NVSComponents\POLineDomain\Services\DomainLayer\DashboardService.cs:line 45
	      at Volvo.LAT.MVCWebUIComponent.Controllers.DashboardController.GetNewPurchaseOrders(DataSourceRequest request) in D:\bala\Src\NVSComponents\MVCWebUIComponent\Controllers\DashboardController.cs:line 121
	      at lambda_method(Closure , ControllerBase , Object[] )
	      at System.Web.Mvc.ActionMethodDispatcher.Execute(ControllerBase controller, Object[] parameters)
	      at System.Web.Mvc.ReflectedActionDescriptor.Execute(ControllerContext controllerContext, IDictionary`2 parameters)
	      at System.Web.Mvc.ControllerActionInvoker.InvokeActionMethod(ControllerContext controllerContext, ActionDescriptor actionDescriptor, IDictionary`2 parameters)
	      at System.Web.Mvc.Async.AsyncControllerActionInvoker.<BeginInvokeSynchronousActionMethod>b__39(IAsyncResult asyncResult, ActionInvocation innerInvokeState)
	      at System.Web.Mvc.Async.AsyncResultWrapper.WrappedAsyncResult`2.CallEndDelegate(IAsyncResult asyncResult)
	      at System.Web.Mvc.Async.AsyncResultWrapper.WrappedAsyncResultBase`1.End()
	      at System.Web.Mvc.Async.AsyncControllerActionInvoker.EndInvokeActionMethod(IAsyncResult asyncResult)
	      at System.Web.Mvc.Async.AsyncControllerActionInvoker.AsyncInvocationWithFilters.<InvokeActionMethodFilterAsynchronouslyRecursive>b__3d()
	      at System.Web.Mvc.Async.AsyncControllerActionInvoker.AsyncInvocationWithFilters.<>c__DisplayClass46.<InvokeActionMethodFilterAsynchronouslyRecursive>b__3f()
	      at System.Web.Mvc.Async.AsyncControllerActionInvoker.AsyncInvocationWithFilters.<>c__DisplayClass46.<InvokeActionMethodFilterAsynchronouslyRecursive>b__3f()
	      at System.Web.Mvc.Async.AsyncControllerActionInvoker.<>c__DisplayClass33.<BeginInvokeActionMethodWithFilters>b__32(IAsyncResult asyncResult)
	      at System.Web.Mvc.Async.AsyncResultWrapper.WrappedAsyncResult`1.CallEndDelegate(IAsyncResult asyncResult)
	      at System.Web.Mvc.Async.AsyncResultWrapper.WrappedAsyncResultBase`1.End()
	      at System.Web.Mvc.Async.AsyncControllerActionInvoker.EndInvokeActionMethodWithFilters(IAsyncResult asyncResult)
	      at System.Web.Mvc.Async.AsyncControllerActionInvoker.<>c__DisplayClass21.<>c__DisplayClass2b.<BeginInvokeAction>b__1c()
	      at System.Web.Mvc.Async.AsyncControllerActionInvoker.<>c__DisplayClass21.<BeginInvokeAction>b__1e(IAsyncResult asyncResult)
	      at System.Web.Mvc.Async.AsyncResultWrapper.WrappedAsyncResult`1.CallEndDelegate(IAsyncResult asyncResult)
	      at System.Web.Mvc.Async.AsyncResultWrapper.WrappedAsyncResultBase`1.End()
	      at System.Web.Mvc.Async.AsyncControllerActionInvoker.EndInvokeAction(IAsyncResult asyncResult)
	      at System.Web.Mvc.Controller.<BeginExecuteCore>b__1d(IAsyncResult asyncResult, ExecuteCoreState innerState)
	      at System.Web.Mvc.Async.AsyncResultWrapper.WrappedAsyncVoid`1.CallEndDelegate(IAsyncResult asyncResult)
	      at System.Web.Mvc.Async.AsyncResultWrapper.WrappedAsyncResultBase`1.End()
	      at System.Web.Mvc.Controller.EndExecuteCore(IAsyncResult asyncResult)
	      at System.Web.Mvc.Controller.<BeginExecute>b__15(IAsyncResult asyncResult, Controller controller)
	      at System.Web.Mvc.Async.AsyncResultWrapper.WrappedAsyncVoid`1.CallEndDelegate(IAsyncResult asyncResult)
	      at System.Web.Mvc.Async.AsyncResultWrapper.WrappedAsyncResultBase`1.End()
	      at System.Web.Mvc.Controller.EndExecute(IAsyncResult asyncResult)
	      at System.Web.Mvc.Controller.System.Web.Mvc.Async.IAsyncController.EndExecute(IAsyncResult asyncResult)
	      at System.Web.Mvc.MvcHandler.<BeginProcessRequest>b__5(IAsyncResult asyncResult, ProcessRequestState innerState)
	      at System.Web.Mvc.Async.AsyncResultWrapper.WrappedAsyncVoid`1.CallEndDelegate(IAsyncResult asyncResult)
	      at System.Web.Mvc.Async.AsyncResultWrapper.WrappedAsyncResultBase`1.End()
	      at System.Web.Mvc.MvcHandler.EndProcessRequest(IAsyncResult asyncResult)
	      at System.Web.Mvc.MvcHandler.System.Web.IHttpAsyncHandler.EndProcessRequest(IAsyncResult result)
	      at System.Web.HttpApplication.CallHandlerExecutionStep.System.Web.HttpApplication.IExecutionStep.Execute()
	      at System.Web.HttpApplication.ExecuteStepImpl(IExecutionStep step)
	      at System.Web.HttpApplication.ExecuteStep(IExecutionStep step, Boolean& completedSynchronously)
	------------------------------------------------------------------------------------------

		>> Execution Timeout Expired.  The timeout period elapsed prior to completion of the operation or the server is not responding.

		   Type: System.Data.SqlClient.SqlException
		      at System.Data.SqlClient.SqlConnection.OnError(SqlException exception, Boolean breakConnection, Action`1 wrapCloseInAction)
		      at System.Data.SqlClient.SqlInternalConnection.OnError(SqlException exception, Boolean breakConnection, Action`1 wrapCloseInAction)
		      at System.Data.SqlClient.TdsParser.ThrowExceptionAndWarning(TdsParserStateObject stateObj, Boolean callerHasConnectionLock, Boolean asyncClose)
		      at System.Data.SqlClient.TdsParser.TryRun(RunBehavior runBehavior, SqlCommand cmdHandler, SqlDataReader dataStream, BulkCopySimpleResultSet bulkCopyHandler, TdsParserStateObject stateObj, Boolean& dataReady)
		      at System.Data.SqlClient.SqlDataReader.TryConsumeMetaData()
		      at System.Data.SqlClient.SqlDataReader.get_MetaData()
		      at System.Data.SqlClient.SqlCommand.FinishExecuteReader(SqlDataReader ds, RunBehavior runBehavior, String resetOptionsString, Boolean isInternal, Boolean forDescribeParameterEncryption, Boolean shouldCacheForAlwaysEncrypted)
		      at System.Data.SqlClient.SqlCommand.RunExecuteReaderTds(CommandBehavior cmdBehavior, RunBehavior runBehavior, Boolean returnStream, Boolean async, Int32 timeout, Task& task, Boolean asyncWrite, Boolean inRetry, SqlDataReader ds, Boolean describeParameterEncryptionRequest)
		      at System.Data.SqlClient.SqlCommand.RunExecuteReader(CommandBehavior cmdBehavior, RunBehavior runBehavior, Boolean returnStream, String method, TaskCompletionSource`1 completion, Int32 timeout, Task& task, Boolean& usedCache, Boolean asyncWrite, Boolean inRetry)
		      at System.Data.SqlClient.SqlCommand.RunExecuteReader(CommandBehavior cmdBehavior, RunBehavior runBehavior, Boolean returnStream, String method)
		      at System.Data.SqlClient.SqlCommand.ExecuteReader(CommandBehavior behavior, String method)
		      at System.Data.SqlClient.SqlCommand.ExecuteDbDataReader(CommandBehavior behavior)
		      at System.Data.Common.DbCommand.System.Data.IDbCommand.ExecuteReader()
		      at NHibernate.AdoNet.AbstractBatcher.ExecuteReader(IDbCommand cmd)
		      at NHibernate.Loader.Loader.GetResultSet(IDbCommand st, Boolean autoDiscoverTypes, Boolean callable, RowSelection selection, ISessionImplementor session)
		      at NHibernate.Loader.Loader.DoQuery(ISessionImplementor session, QueryParameters queryParameters, Boolean returnProxies, IResultTransformer forcedResultTransformer)
		      at NHibernate.Loader.Loader.DoQueryAndInitializeNonLazyCollections(ISessionImplementor session, QueryParameters queryParameters, Boolean returnProxies, IResultTransformer forcedResultTransformer)
		      at NHibernate.Loader.Loader.DoList(ISessionImplementor session, QueryParameters queryParameters, IResultTransformer forcedResultTransformer)
		------------------------------------------------------------------------------------------

			>> The wait operation timed out

			   Type: System.ComponentModel.Win32Exception
			   
			------------------------------------------------------------------------------------------


2019-06-16T06:33:25.8922189Z	ErrorId: 6ba113d7-36b1-4865-b15e-c5b7113b7be4

	Utc:		2019-06-16T06:33:25.8922189Z
	Machine:	DESKTOP-ULKI72S
	Application:	C:\Program Files (x86)\IIS Express\iisexpress.exe
	System:		Volvo/NVS/POS
	Version:	Vunknown. Build date is unknown
	Description:	-
	Transaction:	-

	Exception stack: 2 level(s)
	------------------------------------------------------------------------------------------

	>> could not execute batch command.[SQL: SQL not available]

	   Type: NHibernate.Exceptions.GenericADOException
	      at NHibernate.AdoNet.SqlClientBatchingBatcher.DoExecuteBatch(IDbCommand ps)
	      at NHibernate.AdoNet.AbstractBatcher.ExecuteBatchWithTiming(IDbCommand ps)
	      at NHibernate.AdoNet.AbstractBatcher.ExecuteBatch()
	      at NHibernate.AdoNet.AbstractBatcher.OnPreparedCommand()
	      at NHibernate.AdoNet.AbstractBatcher.PrepareBatchCommand(CommandType type, SqlString sql, SqlType[] parameterTypes)
	      at NHibernate.Persister.Entity.AbstractEntityPersister.Update(Object id, Object[] fields, Object[] oldFields, Object rowId, Boolean[] includeProperty, Int32 j, Object oldVersion, Object obj, SqlCommandInfo sql, ISessionImplementor session)
	      at NHibernate.Persister.Entity.AbstractEntityPersister.UpdateOrInsert(Object id, Object[] fields, Object[] oldFields, Object rowId, Boolean[] includeProperty, Int32 j, Object oldVersion, Object obj, SqlCommandInfo sql, ISessionImplementor session)
	      at NHibernate.Persister.Entity.AbstractEntityPersister.Update(Object id, Object[] fields, Int32[] dirtyFields, Boolean hasDirtyCollection, Object[] oldFields, Object oldVersion, Object obj, Object rowId, ISessionImplementor session)
	      at NHibernate.Action.EntityUpdateAction.Execute()
	      at NHibernate.Engine.ActionQueue.Execute(IExecutable executable)
	      at NHibernate.Engine.ActionQueue.ExecuteActions(IList list)
	      at NHibernate.Engine.ActionQueue.ExecuteActions()
	      at NHibernate.Event.Default.AbstractFlushingEventListener.PerformExecutions(IEventSource session)
	      at NHibernate.Event.Default.DefaultFlushEventListener.OnFlush(FlushEvent event)
	      at NHibernate.Impl.SessionImpl.Flush()
	      at NHibernate.Transaction.AdoTransaction.Commit()
	      at Volvo.LAT.POLineDomain.InfrastructureLayer.Repositories.POLineRepository.InserStatusPo(StatusPo status) in D:\bala\Src\NVSComponents\POLineDomain\Infrastructure\InfrastructureLayer\Repositories\POLineRepository.cs:line 411
	      at Volvo.LAT.POLineDomain.DomainLayer.POLineService.InsertStatusPo(StatusPo status) in D:\bala\Src\NVSComponents\POLineDomain\Services\DomainLayer\POLineService.cs:line 397
	      at Volvo.LAT.MVCWebUIComponent.Controllers.POLineController.ImportData(FormCollection formCollection) in D:\bala\Src\NVSComponents\MVCWebUIComponent\Controllers\POLineController.cs:line 2161
	      at lambda_method(Closure , ControllerBase , Object[] )
	      at System.Web.Mvc.ActionMethodDispatcher.Execute(ControllerBase controller, Object[] parameters)
	      at System.Web.Mvc.ReflectedActionDescriptor.Execute(ControllerContext controllerContext, IDictionary`2 parameters)
	      at System.Web.Mvc.ControllerActionInvoker.InvokeActionMethod(ControllerContext controllerContext, ActionDescriptor actionDescriptor, IDictionary`2 parameters)
	      at System.Web.Mvc.Async.AsyncControllerActionInvoker.<BeginInvokeSynchronousActionMethod>b__39(IAsyncResult asyncResult, ActionInvocation innerInvokeState)
	      at System.Web.Mvc.Async.AsyncResultWrapper.WrappedAsyncResult`2.CallEndDelegate(IAsyncResult asyncResult)
	      at System.Web.Mvc.Async.AsyncResultWrapper.WrappedAsyncResultBase`1.End()
	      at System.Web.Mvc.Async.AsyncControllerActionInvoker.EndInvokeActionMethod(IAsyncResult asyncResult)
	      at System.Web.Mvc.Async.AsyncControllerActionInvoker.AsyncInvocationWithFilters.<InvokeActionMethodFilterAsynchronouslyRecursive>b__3d()
	      at System.Web.Mvc.Async.AsyncControllerActionInvoker.AsyncInvocationWithFilters.<>c__DisplayClass46.<InvokeActionMethodFilterAsynchronouslyRecursive>b__3f()
	      at System.Web.Mvc.Async.AsyncControllerActionInvoker.AsyncInvocationWithFilters.<>c__DisplayClass46.<InvokeActionMethodFilterAsynchronouslyRecursive>b__3f()
	      at System.Web.Mvc.Async.AsyncControllerActionInvoker.<>c__DisplayClass33.<BeginInvokeActionMethodWithFilters>b__32(IAsyncResult asyncResult)
	      at System.Web.Mvc.Async.AsyncResultWrapper.WrappedAsyncResult`1.CallEndDelegate(IAsyncResult asyncResult)
	      at System.Web.Mvc.Async.AsyncResultWrapper.WrappedAsyncResultBase`1.End()
	      at System.Web.Mvc.Async.AsyncControllerActionInvoker.EndInvokeActionMethodWithFilters(IAsyncResult asyncResult)
	      at System.Web.Mvc.Async.AsyncControllerActionInvoker.<>c__DisplayClass21.<>c__DisplayClass2b.<BeginInvokeAction>b__1c()
	      at System.Web.Mvc.Async.AsyncControllerActionInvoker.<>c__DisplayClass21.<BeginInvokeAction>b__1e(IAsyncResult asyncResult)
	      at System.Web.Mvc.Async.AsyncResultWrapper.WrappedAsyncResult`1.CallEndDelegate(IAsyncResult asyncResult)
	      at System.Web.Mvc.Async.AsyncResultWrapper.WrappedAsyncResultBase`1.End()
	      at System.Web.Mvc.Async.AsyncControllerActionInvoker.EndInvokeAction(IAsyncResult asyncResult)
	      at System.Web.Mvc.Controller.<BeginExecuteCore>b__1d(IAsyncResult asyncResult, ExecuteCoreState innerState)
	      at System.Web.Mvc.Async.AsyncResultWrapper.WrappedAsyncVoid`1.CallEndDelegate(IAsyncResult asyncResult)
	      at System.Web.Mvc.Async.AsyncResultWrapper.WrappedAsyncResultBase`1.End()
	      at System.Web.Mvc.Controller.EndExecuteCore(IAsyncResult asyncResult)
	      at System.Web.Mvc.Controller.<BeginExecute>b__15(IAsyncResult asyncResult, Controller controller)
	      at System.Web.Mvc.Async.AsyncResultWrapper.WrappedAsyncVoid`1.CallEndDelegate(IAsyncResult asyncResult)
	      at System.Web.Mvc.Async.AsyncResultWrapper.WrappedAsyncResultBase`1.End()
	      at System.Web.Mvc.Controller.EndExecute(IAsyncResult asyncResult)
	      at System.Web.Mvc.Controller.System.Web.Mvc.Async.IAsyncController.EndExecute(IAsyncResult asyncResult)
	      at System.Web.Mvc.MvcHandler.<BeginProcessRequest>b__5(IAsyncResult asyncResult, ProcessRequestState innerState)
	      at System.Web.Mvc.Async.AsyncResultWrapper.WrappedAsyncVoid`1.CallEndDelegate(IAsyncResult asyncResult)
	      at System.Web.Mvc.Async.AsyncResultWrapper.WrappedAsyncResultBase`1.End()
	      at System.Web.Mvc.MvcHandler.EndProcessRequest(IAsyncResult asyncResult)
	      at System.Web.Mvc.MvcHandler.System.Web.IHttpAsyncHandler.EndProcessRequest(IAsyncResult result)
	      at System.Web.HttpApplication.CallHandlerExecutionStep.System.Web.HttpApplication.IExecutionStep.Execute()
	      at System.Web.HttpApplication.ExecuteStepImpl(IExecutionStep step)
	      at System.Web.HttpApplication.ExecuteStep(IExecutionStep step, Boolean& completedSynchronously)
	------------------------------------------------------------------------------------------

		>> String or binary data would be truncated.
		  The statement has been terminated.

		   Type: System.Data.SqlClient.SqlException
		      at System.Data.SqlClient.SqlConnection.OnError(SqlException exception, Boolean breakConnection, Action`1 wrapCloseInAction)
		      at System.Data.SqlClient.SqlInternalConnection.OnError(SqlException exception, Boolean breakConnection, Action`1 wrapCloseInAction)
		      at System.Data.SqlClient.TdsParser.ThrowExceptionAndWarning(TdsParserStateObject stateObj, Boolean callerHasConnectionLock, Boolean asyncClose)
		      at System.Data.SqlClient.TdsParser.TryRun(RunBehavior runBehavior, SqlCommand cmdHandler, SqlDataReader dataStream, BulkCopySimpleResultSet bulkCopyHandler, TdsParserStateObject stateObj, Boolean& dataReady)
		      at System.Data.SqlClient.SqlCommand.FinishExecuteReader(SqlDataReader ds, RunBehavior runBehavior, String resetOptionsString, Boolean isInternal, Boolean forDescribeParameterEncryption, Boolean shouldCacheForAlwaysEncrypted)
		      at System.Data.SqlClient.SqlCommand.RunExecuteReaderTds(CommandBehavior cmdBehavior, RunBehavior runBehavior, Boolean returnStream, Boolean async, Int32 timeout, Task& task, Boolean asyncWrite, Boolean inRetry, SqlDataReader ds, Boolean describeParameterEncryptionRequest)
		      at System.Data.SqlClient.SqlCommand.RunExecuteReader(CommandBehavior cmdBehavior, RunBehavior runBehavior, Boolean returnStream, String method, TaskCompletionSource`1 completion, Int32 timeout, Task& task, Boolean& usedCache, Boolean asyncWrite, Boolean inRetry)
		      at System.Data.SqlClient.SqlCommand.InternalExecuteNonQuery(TaskCompletionSource`1 completion, String methodName, Boolean sendToPipe, Int32 timeout, Boolean& usedCache, Boolean asyncWrite, Boolean inRetry)
		      at System.Data.SqlClient.SqlCommand.ExecuteNonQuery()
		      at System.Data.SqlClient.SqlCommand.ExecuteBatchRPCCommand()
		      at System.Data.SqlClient.SqlCommandSet.ExecuteNonQuery()
		      at NHibernate.AdoNet.SqlClientSqlCommandSet.ExecuteNonQuery()
		      at NHibernate.AdoNet.SqlClientBatchingBatcher.DoExecuteBatch(IDbCommand ps)
		------------------------------------------------------------------------------------------


2019-06-16T06:37:48.2137008Z	ErrorId: a167a6ac-86f6-4e08-9198-aa9ff1a21fdf

	Utc:		2019-06-16T06:37:48.2137008Z
	Machine:	DESKTOP-ULKI72S
	Application:	C:\Program Files (x86)\IIS Express\iisexpress.exe
	System:		Volvo/NVS/POS
	Version:	Vunknown. Build date is unknown
	Description:	-
	Transaction:	-

	Exception stack: 1 level(s)
	------------------------------------------------------------------------------------------

	>> Object reference not set to an instance of an object.

	   Type: System.NullReferenceException
	      at Volvo.LAT.MVCWebUIComponent.Controllers.POLineController.ImportData(FormCollection formCollection) in D:\bala\Src\NVSComponents\MVCWebUIComponent\Controllers\POLineController.cs:line 2078
	      at lambda_method(Closure , ControllerBase , Object[] )
	      at System.Web.Mvc.ActionMethodDispatcher.Execute(ControllerBase controller, Object[] parameters)
	      at System.Web.Mvc.ReflectedActionDescriptor.Execute(ControllerContext controllerContext, IDictionary`2 parameters)
	      at System.Web.Mvc.ControllerActionInvoker.InvokeActionMethod(ControllerContext controllerContext, ActionDescriptor actionDescriptor, IDictionary`2 parameters)
	      at System.Web.Mvc.Async.AsyncControllerActionInvoker.<BeginInvokeSynchronousActionMethod>b__39(IAsyncResult asyncResult, ActionInvocation innerInvokeState)
	      at System.Web.Mvc.Async.AsyncResultWrapper.WrappedAsyncResult`2.CallEndDelegate(IAsyncResult asyncResult)
	      at System.Web.Mvc.Async.AsyncResultWrapper.WrappedAsyncResultBase`1.End()
	      at System.Web.Mvc.Async.AsyncControllerActionInvoker.EndInvokeActionMethod(IAsyncResult asyncResult)
	      at System.Web.Mvc.Async.AsyncControllerActionInvoker.AsyncInvocationWithFilters.<InvokeActionMethodFilterAsynchronouslyRecursive>b__3d()
	      at System.Web.Mvc.Async.AsyncControllerActionInvoker.AsyncInvocationWithFilters.<>c__DisplayClass46.<InvokeActionMethodFilterAsynchronouslyRecursive>b__3f()
	      at System.Web.Mvc.Async.AsyncControllerActionInvoker.AsyncInvocationWithFilters.<>c__DisplayClass46.<InvokeActionMethodFilterAsynchronouslyRecursive>b__3f()
	      at System.Web.Mvc.Async.AsyncControllerActionInvoker.<>c__DisplayClass33.<BeginInvokeActionMethodWithFilters>b__32(IAsyncResult asyncResult)
	      at System.Web.Mvc.Async.AsyncResultWrapper.WrappedAsyncResult`1.CallEndDelegate(IAsyncResult asyncResult)
	      at System.Web.Mvc.Async.AsyncResultWrapper.WrappedAsyncResultBase`1.End()
	      at System.Web.Mvc.Async.AsyncControllerActionInvoker.EndInvokeActionMethodWithFilters(IAsyncResult asyncResult)
	      at System.Web.Mvc.Async.AsyncControllerActionInvoker.<>c__DisplayClass21.<>c__DisplayClass2b.<BeginInvokeAction>b__1c()
	      at System.Web.Mvc.Async.AsyncControllerActionInvoker.<>c__DisplayClass21.<BeginInvokeAction>b__1e(IAsyncResult asyncResult)
	      at System.Web.Mvc.Async.AsyncResultWrapper.WrappedAsyncResult`1.CallEndDelegate(IAsyncResult asyncResult)
	      at System.Web.Mvc.Async.AsyncResultWrapper.WrappedAsyncResultBase`1.End()
	      at System.Web.Mvc.Async.AsyncControllerActionInvoker.EndInvokeAction(IAsyncResult asyncResult)
	      at System.Web.Mvc.Controller.<BeginExecuteCore>b__1d(IAsyncResult asyncResult, ExecuteCoreState innerState)
	      at System.Web.Mvc.Async.AsyncResultWrapper.WrappedAsyncVoid`1.CallEndDelegate(IAsyncResult asyncResult)
	      at System.Web.Mvc.Async.AsyncResultWrapper.WrappedAsyncResultBase`1.End()
	      at System.Web.Mvc.Controller.EndExecuteCore(IAsyncResult asyncResult)
	      at System.Web.Mvc.Controller.<BeginExecute>b__15(IAsyncResult asyncResult, Controller controller)
	      at System.Web.Mvc.Async.AsyncResultWrapper.WrappedAsyncVoid`1.CallEndDelegate(IAsyncResult asyncResult)
	      at System.Web.Mvc.Async.AsyncResultWrapper.WrappedAsyncResultBase`1.End()
	      at System.Web.Mvc.Controller.EndExecute(IAsyncResult asyncResult)
	      at System.Web.Mvc.Controller.System.Web.Mvc.Async.IAsyncController.EndExecute(IAsyncResult asyncResult)
	      at System.Web.Mvc.MvcHandler.<BeginProcessRequest>b__5(IAsyncResult asyncResult, ProcessRequestState innerState)
	      at System.Web.Mvc.Async.AsyncResultWrapper.WrappedAsyncVoid`1.CallEndDelegate(IAsyncResult asyncResult)
	      at System.Web.Mvc.Async.AsyncResultWrapper.WrappedAsyncResultBase`1.End()
	      at System.Web.Mvc.MvcHandler.EndProcessRequest(IAsyncResult asyncResult)
	      at System.Web.Mvc.MvcHandler.System.Web.IHttpAsyncHandler.EndProcessRequest(IAsyncResult result)
	      at System.Web.HttpApplication.CallHandlerExecutionStep.System.Web.HttpApplication.IExecutionStep.Execute()
	      at System.Web.HttpApplication.ExecuteStepImpl(IExecutionStep step)
	      at System.Web.HttpApplication.ExecuteStep(IExecutionStep step, Boolean& completedSynchronously)
	------------------------------------------------------------------------------------------


2019-06-16T06:39:22.1839517Z	ErrorId: 26070ff2-db73-4447-88ed-b1ae1d3fb0a6

	Utc:		2019-06-16T06:39:22.1839517Z
	Machine:	DESKTOP-ULKI72S
	Application:	C:\Program Files (x86)\IIS Express\iisexpress.exe
	System:		Volvo/NVS/POS
	Version:	Vunknown. Build date is unknown
	Description:	-
	Transaction:	-

	Exception stack: 1 level(s)
	------------------------------------------------------------------------------------------

	>> Object reference not set to an instance of an object.

	   Type: System.NullReferenceException
	      at Volvo.LAT.MVCWebUIComponent.Controllers.POLineController.ImportData(FormCollection formCollection) in D:\bala\Src\NVSComponents\MVCWebUIComponent\Controllers\POLineController.cs:line 2078
	      at lambda_method(Closure , ControllerBase , Object[] )
	      at System.Web.Mvc.ActionMethodDispatcher.Execute(ControllerBase controller, Object[] parameters)
	      at System.Web.Mvc.ReflectedActionDescriptor.Execute(ControllerContext controllerContext, IDictionary`2 parameters)
	      at System.Web.Mvc.ControllerActionInvoker.InvokeActionMethod(ControllerContext controllerContext, ActionDescriptor actionDescriptor, IDictionary`2 parameters)
	      at System.Web.Mvc.Async.AsyncControllerActionInvoker.<BeginInvokeSynchronousActionMethod>b__39(IAsyncResult asyncResult, ActionInvocation innerInvokeState)
	      at System.Web.Mvc.Async.AsyncResultWrapper.WrappedAsyncResult`2.CallEndDelegate(IAsyncResult asyncResult)
	      at System.Web.Mvc.Async.AsyncResultWrapper.WrappedAsyncResultBase`1.End()
	      at System.Web.Mvc.Async.AsyncControllerActionInvoker.EndInvokeActionMethod(IAsyncResult asyncResult)
	      at System.Web.Mvc.Async.AsyncControllerActionInvoker.AsyncInvocationWithFilters.<InvokeActionMethodFilterAsynchronouslyRecursive>b__3d()
	      at System.Web.Mvc.Async.AsyncControllerActionInvoker.AsyncInvocationWithFilters.<>c__DisplayClass46.<InvokeActionMethodFilterAsynchronouslyRecursive>b__3f()
	      at System.Web.Mvc.Async.AsyncControllerActionInvoker.AsyncInvocationWithFilters.<>c__DisplayClass46.<InvokeActionMethodFilterAsynchronouslyRecursive>b__3f()
	      at System.Web.Mvc.Async.AsyncControllerActionInvoker.<>c__DisplayClass33.<BeginInvokeActionMethodWithFilters>b__32(IAsyncResult asyncResult)
	      at System.Web.Mvc.Async.AsyncResultWrapper.WrappedAsyncResult`1.CallEndDelegate(IAsyncResult asyncResult)
	      at System.Web.Mvc.Async.AsyncResultWrapper.WrappedAsyncResultBase`1.End()
	      at System.Web.Mvc.Async.AsyncControllerActionInvoker.EndInvokeActionMethodWithFilters(IAsyncResult asyncResult)
	      at System.Web.Mvc.Async.AsyncControllerActionInvoker.<>c__DisplayClass21.<>c__DisplayClass2b.<BeginInvokeAction>b__1c()
	      at System.Web.Mvc.Async.AsyncControllerActionInvoker.<>c__DisplayClass21.<BeginInvokeAction>b__1e(IAsyncResult asyncResult)
	      at System.Web.Mvc.Async.AsyncResultWrapper.WrappedAsyncResult`1.CallEndDelegate(IAsyncResult asyncResult)
	      at System.Web.Mvc.Async.AsyncResultWrapper.WrappedAsyncResultBase`1.End()
	      at System.Web.Mvc.Async.AsyncControllerActionInvoker.EndInvokeAction(IAsyncResult asyncResult)
	      at System.Web.Mvc.Controller.<BeginExecuteCore>b__1d(IAsyncResult asyncResult, ExecuteCoreState innerState)
	      at System.Web.Mvc.Async.AsyncResultWrapper.WrappedAsyncVoid`1.CallEndDelegate(IAsyncResult asyncResult)
	      at System.Web.Mvc.Async.AsyncResultWrapper.WrappedAsyncResultBase`1.End()
	      at System.Web.Mvc.Controller.EndExecuteCore(IAsyncResult asyncResult)
	      at System.Web.Mvc.Controller.<BeginExecute>b__15(IAsyncResult asyncResult, Controller controller)
	      at System.Web.Mvc.Async.AsyncResultWrapper.WrappedAsyncVoid`1.CallEndDelegate(IAsyncResult asyncResult)
	      at System.Web.Mvc.Async.AsyncResultWrapper.WrappedAsyncResultBase`1.End()
	      at System.Web.Mvc.Controller.EndExecute(IAsyncResult asyncResult)
	      at System.Web.Mvc.Controller.System.Web.Mvc.Async.IAsyncController.EndExecute(IAsyncResult asyncResult)
	      at System.Web.Mvc.MvcHandler.<BeginProcessRequest>b__5(IAsyncResult asyncResult, ProcessRequestState innerState)
	      at System.Web.Mvc.Async.AsyncResultWrapper.WrappedAsyncVoid`1.CallEndDelegate(IAsyncResult asyncResult)
	      at System.Web.Mvc.Async.AsyncResultWrapper.WrappedAsyncResultBase`1.End()
	      at System.Web.Mvc.MvcHandler.EndProcessRequest(IAsyncResult asyncResult)
	      at System.Web.Mvc.MvcHandler.System.Web.IHttpAsyncHandler.EndProcessRequest(IAsyncResult result)
	      at System.Web.HttpApplication.CallHandlerExecutionStep.System.Web.HttpApplication.IExecutionStep.Execute()
	      at System.Web.HttpApplication.ExecuteStepImpl(IExecutionStep step)
	      at System.Web.HttpApplication.ExecuteStep(IExecutionStep step, Boolean& completedSynchronously)
	------------------------------------------------------------------------------------------


2019-06-16T06:45:49.5933155Z	ErrorId: 322c6fe5-93af-4e37-856a-b6c74442a52a

	Utc:		2019-06-16T06:45:49.5933155Z
	Machine:	DESKTOP-ULKI72S
	Application:	C:\Program Files (x86)\IIS Express\iisexpress.exe
	System:		Volvo/NVS/POS
	Version:	Vunknown. Build date is unknown
	Description:	-
	Transaction:	-

	Exception stack: 3 level(s)
	------------------------------------------------------------------------------------------

	>> could not execute query
	  [ exec GetTotalRenewalCount @p0 ]
	    Name:username - Value:harry sohal
	  [SQL: exec GetTotalRenewalCount @p0]

	   Type: NHibernate.Exceptions.GenericADOException
	      at NHibernate.Loader.Loader.DoList(ISessionImplementor session, QueryParameters queryParameters, IResultTransformer forcedResultTransformer)
	      at NHibernate.Loader.Loader.ListIgnoreQueryCache(ISessionImplementor session, QueryParameters queryParameters)
	      at NHibernate.Loader.Loader.List(ISessionImplementor session, QueryParameters queryParameters, ISet`1 querySpaces, IType[] resultTypes)
	      at NHibernate.Impl.SessionImpl.ListCustomQuery(ICustomQuery customQuery, QueryParameters queryParameters, IList results)
	      at NHibernate.Impl.AbstractSessionImpl.List(NativeSQLQuerySpecification spec, QueryParameters queryParameters, IList results)
	      at NHibernate.Impl.AbstractSessionImpl.List(NativeSQLQuerySpecification spec, QueryParameters queryParameters)
	      at NHibernate.Impl.SqlQueryImpl.List()
	      at NHibernate.Impl.AbstractQueryImpl.UniqueResult[T]()
	      at Volvo.LAT.POLineDomain.InfrastructureLayer.Repositories.DashboardRepository.FindNewPurchaseOrders(Int32 pageZise, Int32 pagesSkip, String username, Int32& totalRecords) in D:\bala\Src\NVSComponents\POLineDomain\Infrastructure\InfrastructureLayer\Repositories\DashboardRepository.cs:line 18
	      at Volvo.LAT.POLineDomain.DomainLayer.DashboardService.FindNewPurchaseOrders(Int32 pagesize, Int32 pageNuber, String username, Int32& totalrecords) in D:\bala\Src\NVSComponents\POLineDomain\Services\DomainLayer\DashboardService.cs:line 45
	      at Volvo.LAT.MVCWebUIComponent.Controllers.DashboardController.GetNewPurchaseOrders(DataSourceRequest request) in D:\bala\Src\NVSComponents\MVCWebUIComponent\Controllers\DashboardController.cs:line 121
	      at lambda_method(Closure , ControllerBase , Object[] )
	      at System.Web.Mvc.ActionMethodDispatcher.Execute(ControllerBase controller, Object[] parameters)
	      at System.Web.Mvc.ReflectedActionDescriptor.Execute(ControllerContext controllerContext, IDictionary`2 parameters)
	      at System.Web.Mvc.ControllerActionInvoker.InvokeActionMethod(ControllerContext controllerContext, ActionDescriptor actionDescriptor, IDictionary`2 parameters)
	      at System.Web.Mvc.Async.AsyncControllerActionInvoker.<BeginInvokeSynchronousActionMethod>b__39(IAsyncResult asyncResult, ActionInvocation innerInvokeState)
	      at System.Web.Mvc.Async.AsyncResultWrapper.WrappedAsyncResult`2.CallEndDelegate(IAsyncResult asyncResult)
	      at System.Web.Mvc.Async.AsyncResultWrapper.WrappedAsyncResultBase`1.End()
	      at System.Web.Mvc.Async.AsyncControllerActionInvoker.EndInvokeActionMethod(IAsyncResult asyncResult)
	      at System.Web.Mvc.Async.AsyncControllerActionInvoker.AsyncInvocationWithFilters.<InvokeActionMethodFilterAsynchronouslyRecursive>b__3d()
	      at System.Web.Mvc.Async.AsyncControllerActionInvoker.AsyncInvocationWithFilters.<>c__DisplayClass46.<InvokeActionMethodFilterAsynchronouslyRecursive>b__3f()
	      at System.Web.Mvc.Async.AsyncControllerActionInvoker.AsyncInvocationWithFilters.<>c__DisplayClass46.<InvokeActionMethodFilterAsynchronouslyRecursive>b__3f()
	      at System.Web.Mvc.Async.AsyncControllerActionInvoker.<>c__DisplayClass33.<BeginInvokeActionMethodWithFilters>b__32(IAsyncResult asyncResult)
	      at System.Web.Mvc.Async.AsyncResultWrapper.WrappedAsyncResult`1.CallEndDelegate(IAsyncResult asyncResult)
	      at System.Web.Mvc.Async.AsyncResultWrapper.WrappedAsyncResultBase`1.End()
	      at System.Web.Mvc.Async.AsyncControllerActionInvoker.EndInvokeActionMethodWithFilters(IAsyncResult asyncResult)
	      at System.Web.Mvc.Async.AsyncControllerActionInvoker.<>c__DisplayClass21.<>c__DisplayClass2b.<BeginInvokeAction>b__1c()
	      at System.Web.Mvc.Async.AsyncControllerActionInvoker.<>c__DisplayClass21.<BeginInvokeAction>b__1e(IAsyncResult asyncResult)
	      at System.Web.Mvc.Async.AsyncResultWrapper.WrappedAsyncResult`1.CallEndDelegate(IAsyncResult asyncResult)
	      at System.Web.Mvc.Async.AsyncResultWrapper.WrappedAsyncResultBase`1.End()
	      at System.Web.Mvc.Async.AsyncControllerActionInvoker.EndInvokeAction(IAsyncResult asyncResult)
	      at System.Web.Mvc.Controller.<BeginExecuteCore>b__1d(IAsyncResult asyncResult, ExecuteCoreState innerState)
	      at System.Web.Mvc.Async.AsyncResultWrapper.WrappedAsyncVoid`1.CallEndDelegate(IAsyncResult asyncResult)
	      at System.Web.Mvc.Async.AsyncResultWrapper.WrappedAsyncResultBase`1.End()
	      at System.Web.Mvc.Controller.EndExecuteCore(IAsyncResult asyncResult)
	      at System.Web.Mvc.Controller.<BeginExecute>b__15(IAsyncResult asyncResult, Controller controller)
	      at System.Web.Mvc.Async.AsyncResultWrapper.WrappedAsyncVoid`1.CallEndDelegate(IAsyncResult asyncResult)
	      at System.Web.Mvc.Async.AsyncResultWrapper.WrappedAsyncResultBase`1.End()
	      at System.Web.Mvc.Controller.EndExecute(IAsyncResult asyncResult)
	      at System.Web.Mvc.Controller.System.Web.Mvc.Async.IAsyncController.EndExecute(IAsyncResult asyncResult)
	      at System.Web.Mvc.MvcHandler.<BeginProcessRequest>b__5(IAsyncResult asyncResult, ProcessRequestState innerState)
	      at System.Web.Mvc.Async.AsyncResultWrapper.WrappedAsyncVoid`1.CallEndDelegate(IAsyncResult asyncResult)
	      at System.Web.Mvc.Async.AsyncResultWrapper.WrappedAsyncResultBase`1.End()
	      at System.Web.Mvc.MvcHandler.EndProcessRequest(IAsyncResult asyncResult)
	      at System.Web.Mvc.MvcHandler.System.Web.IHttpAsyncHandler.EndProcessRequest(IAsyncResult result)
	      at System.Web.HttpApplication.CallHandlerExecutionStep.System.Web.HttpApplication.IExecutionStep.Execute()
	      at System.Web.HttpApplication.ExecuteStepImpl(IExecutionStep step)
	      at System.Web.HttpApplication.ExecuteStep(IExecutionStep step, Boolean& completedSynchronously)
	------------------------------------------------------------------------------------------

		>> Execution Timeout Expired.  The timeout period elapsed prior to completion of the operation or the server is not responding.

		   Type: System.Data.SqlClient.SqlException
		      at System.Data.SqlClient.SqlConnection.OnError(SqlException exception, Boolean breakConnection, Action`1 wrapCloseInAction)
		      at System.Data.SqlClient.SqlInternalConnection.OnError(SqlException exception, Boolean breakConnection, Action`1 wrapCloseInAction)
		      at System.Data.SqlClient.TdsParser.ThrowExceptionAndWarning(TdsParserStateObject stateObj, Boolean callerHasConnectionLock, Boolean asyncClose)
		      at System.Data.SqlClient.TdsParser.TryRun(RunBehavior runBehavior, SqlCommand cmdHandler, SqlDataReader dataStream, BulkCopySimpleResultSet bulkCopyHandler, TdsParserStateObject stateObj, Boolean& dataReady)
		      at System.Data.SqlClient.SqlDataReader.TryConsumeMetaData()
		      at System.Data.SqlClient.SqlDataReader.get_MetaData()
		      at System.Data.SqlClient.SqlCommand.FinishExecuteReader(SqlDataReader ds, RunBehavior runBehavior, String resetOptionsString, Boolean isInternal, Boolean forDescribeParameterEncryption, Boolean shouldCacheForAlwaysEncrypted)
		      at System.Data.SqlClient.SqlCommand.RunExecuteReaderTds(CommandBehavior cmdBehavior, RunBehavior runBehavior, Boolean returnStream, Boolean async, Int32 timeout, Task& task, Boolean asyncWrite, Boolean inRetry, SqlDataReader ds, Boolean describeParameterEncryptionRequest)
		      at System.Data.SqlClient.SqlCommand.RunExecuteReader(CommandBehavior cmdBehavior, RunBehavior runBehavior, Boolean returnStream, String method, TaskCompletionSource`1 completion, Int32 timeout, Task& task, Boolean& usedCache, Boolean asyncWrite, Boolean inRetry)
		      at System.Data.SqlClient.SqlCommand.RunExecuteReader(CommandBehavior cmdBehavior, RunBehavior runBehavior, Boolean returnStream, String method)
		      at System.Data.SqlClient.SqlCommand.ExecuteReader(CommandBehavior behavior, String method)
		      at System.Data.SqlClient.SqlCommand.ExecuteDbDataReader(CommandBehavior behavior)
		      at System.Data.Common.DbCommand.System.Data.IDbCommand.ExecuteReader()
		      at NHibernate.AdoNet.AbstractBatcher.ExecuteReader(IDbCommand cmd)
		      at NHibernate.Loader.Loader.GetResultSet(IDbCommand st, Boolean autoDiscoverTypes, Boolean callable, RowSelection selection, ISessionImplementor session)
		      at NHibernate.Loader.Loader.DoQuery(ISessionImplementor session, QueryParameters queryParameters, Boolean returnProxies, IResultTransformer forcedResultTransformer)
		      at NHibernate.Loader.Loader.DoQueryAndInitializeNonLazyCollections(ISessionImplementor session, QueryParameters queryParameters, Boolean returnProxies, IResultTransformer forcedResultTransformer)
		      at NHibernate.Loader.Loader.DoList(ISessionImplementor session, QueryParameters queryParameters, IResultTransformer forcedResultTransformer)
		------------------------------------------------------------------------------------------

			>> The wait operation timed out

			   Type: System.ComponentModel.Win32Exception
			   
			------------------------------------------------------------------------------------------


