2019-05-28T02:08:11.8309796Z	ErrorId: 1aa63567-71bd-4f77-adb0-6e2131205c37

	Utc:		2019-05-28T02:08:11.8309796Z
	Machine:	INBLRWIT043838B
	Application:	C:\Program Files (x86)\IIS Express\iisexpress.exe
	System:		Volvo/NVS/POS
	Version:	Vunknown. Build date is unknown
	Description:	-
	Transaction:	-

	Exception stack: 1 level(s)
	------------------------------------------------------------------------------------------

	>> The trust relationship between this workstation and the primary domain failed.

	   Type: System.SystemException
	      at System.Security.Principal.NTAccount.TranslateToSids(IdentityReferenceCollection sourceAccounts, Boolean& someFailed)
	      at System.Security.Principal.NTAccount.Translate(IdentityReferenceCollection sourceAccounts, Type targetType, Boolean& someFailed)
	      at System.Security.Principal.NTAccount.Translate(IdentityReferenceCollection sourceAccounts, Type targetType, Boolean forceSuccess)
	      at System.Security.Principal.WindowsPrincipal.IsInRole(String role)
	      at Volvo.NVS.Security.Claims.ClaimsService.AddRole(String value)
	      at Volvo.NVS.Security.Claims.ClaimsService.AddRole(IEnumerable`1 values)
	      at Volvo.LAT.UserDomain.DomainLayer.UserService.CompleteClaims(IClaimsService service, DateTime contextTimestamp) in C:\TFS\BA-LAT-IT-P2\Src\NVSComponents\UserDomain\Services\DomainLayer\UserService.Claims.cs:line 74
	      at Volvo.NVS.Security.Handlers.AuthenticationHandler.CompleteClaims(IClaimsService service)
	      at Volvo.NVS.Security.Handlers.AuthenticationHandler.PostAuthenticate()
	      at Volvo.NVS.Security.SystemWeb.Modules.AuthenticationHttpModule`1.PostAuthenticateRequest(Object sender, EventArgs e)
	      at System.Web.HttpApplication.SyncEventExecutionStep.System.Web.HttpApplication.IExecutionStep.Execute()
	      at System.Web.HttpApplication.ExecuteStepImpl(IExecutionStep step)
	      at System.Web.HttpApplication.ExecuteStep(IExecutionStep step, Boolean& completedSynchronously)
	------------------------------------------------------------------------------------------


2019-05-28T06:37:37.0972625Z	ErrorId: 6d10b5de-4466-4a26-9720-b97e603b834a

	Utc:		2019-05-28T06:37:37.0972625Z
	Machine:	INBLRWIT043838B
	Application:	C:\Program Files (x86)\IIS Express\iisexpress.exe
	System:		Volvo/NVS/POS
	Version:	Vunknown. Build date is unknown
	Description:	-
	Transaction:	-

	Exception stack: 2 level(s)
	------------------------------------------------------------------------------------------

	>> could not execute query
	  [ exec GetNewPurchaseOrders @p0, @p1,@p2 ]
	    Name:skip - Value:0  Name:take - Value:0  Name:username - Value:A043838
	  [SQL: exec GetNewPurchaseOrders @p0, @p1,@p2]

	   Type: NHibernate.Exceptions.GenericADOException
	      at NHibernate.Loader.Loader.DoList(ISessionImplementor session, QueryParameters queryParameters, IResultTransformer forcedResultTransformer)
	      at NHibernate.Loader.Loader.ListIgnoreQueryCache(ISessionImplementor session, QueryParameters queryParameters)
	      at NHibernate.Loader.Loader.List(ISessionImplementor session, QueryParameters queryParameters, ISet`1 querySpaces, IType[] resultTypes)
	      at NHibernate.Impl.SessionImpl.ListCustomQuery(ICustomQuery customQuery, QueryParameters queryParameters, IList results)
	      at NHibernate.Impl.AbstractSessionImpl.List(NativeSQLQuerySpecification spec, QueryParameters queryParameters, IList results)
	      at NHibernate.Impl.AbstractSessionImpl.List[T](NativeSQLQuerySpecification spec, QueryParameters queryParameters)
	      at NHibernate.Impl.SqlQueryImpl.List[T]()
	      at Volvo.LAT.POLineDomain.InfrastructureLayer.Repositories.DashboardRepository.FindNewPurchaseOrders(Int32 pageZise, Int32 pagesSkip, String username, Int32& totalRecords) in C:\TFS\BA-LAT-IT-P2\Src\NVSComponents\POLineDomain\Infrastructure\InfrastructureLayer\Repositories\DashboardRepository.cs:line 19
	      at Volvo.LAT.POLineDomain.DomainLayer.DashboardService.FindNewPurchaseOrders(Int32 pagesize, Int32 pageNuber, String username, Int32& totalrecords) in C:\TFS\BA-LAT-IT-P2\Src\NVSComponents\POLineDomain\Services\DomainLayer\DashboardService.cs:line 44
	      at Volvo.LAT.MVCWebUIComponent.Controllers.DashboardController.GetNewPurchaseOrders(DataSourceRequest request) in C:\TFS\BA-LAT-IT-P2\Src\NVSComponents\MVCWebUIComponent\Controllers\DashboardController.cs:line 101
	      at lambda_method(Closure , ControllerBase , Object[] )
	      at System.Web.Mvc.ActionMethodDispatcher.Execute(ControllerBase controller, Object[] parameters)
	      at System.Web.Mvc.ReflectedActionDescriptor.Execute(ControllerContext controllerContext, IDictionary`2 parameters)
	      at System.Web.Mvc.ControllerActionInvoker.InvokeActionMethod(ControllerContext controllerContext, ActionDescriptor actionDescriptor, IDictionary`2 parameters)
	      at System.Web.Mvc.Async.AsyncControllerActionInvoker.<BeginInvokeSynchronousActionMethod>b__39(IAsyncResult asyncResult, ActionInvocation innerInvokeState)
	      at System.Web.Mvc.Async.AsyncResultWrapper.WrappedAsyncResult`2.CallEndDelegate(IAsyncResult asyncResult)
	      at System.Web.Mvc.Async.AsyncResultWrapper.WrappedAsyncResultBase`1.End()
	      at System.Web.Mvc.Async.AsyncControllerActionInvoker.EndInvokeActionMethod(IAsyncResult asyncResult)
	      at System.Web.Mvc.Async.AsyncControllerActionInvoker.AsyncInvocationWithFilters.<InvokeActionMethodFilterAsynchronouslyRecursive>b__3d()
	      at System.Web.Mvc.Async.AsyncControllerActionInvoker.AsyncInvocationWithFilters.<>c__DisplayClass46.<InvokeActionMethodFilterAsynchronouslyRecursive>b__3f()
	      at System.Web.Mvc.Async.AsyncControllerActionInvoker.AsyncInvocationWithFilters.<>c__DisplayClass46.<InvokeActionMethodFilterAsynchronouslyRecursive>b__3f()
	      at System.Web.Mvc.Async.AsyncControllerActionInvoker.<>c__DisplayClass33.<BeginInvokeActionMethodWithFilters>b__32(IAsyncResult asyncResult)
	      at System.Web.Mvc.Async.AsyncResultWrapper.WrappedAsyncResult`1.CallEndDelegate(IAsyncResult asyncResult)
	      at System.Web.Mvc.Async.AsyncResultWrapper.WrappedAsyncResultBase`1.End()
	      at System.Web.Mvc.Async.AsyncControllerActionInvoker.EndInvokeActionMethodWithFilters(IAsyncResult asyncResult)
	      at System.Web.Mvc.Async.AsyncControllerActionInvoker.<>c__DisplayClass21.<>c__DisplayClass2b.<BeginInvokeAction>b__1c()
	      at System.Web.Mvc.Async.AsyncControllerActionInvoker.<>c__DisplayClass21.<BeginInvokeAction>b__1e(IAsyncResult asyncResult)
	      at System.Web.Mvc.Async.AsyncResultWrapper.WrappedAsyncResult`1.CallEndDelegate(IAsyncResult asyncResult)
	      at System.Web.Mvc.Async.AsyncResultWrapper.WrappedAsyncResultBase`1.End()
	      at System.Web.Mvc.Async.AsyncControllerActionInvoker.EndInvokeAction(IAsyncResult asyncResult)
	      at System.Web.Mvc.Controller.<BeginExecuteCore>b__1d(IAsyncResult asyncResult, ExecuteCoreState innerState)
	      at System.Web.Mvc.Async.AsyncResultWrapper.WrappedAsyncVoid`1.CallEndDelegate(IAsyncResult asyncResult)
	      at System.Web.Mvc.Async.AsyncResultWrapper.WrappedAsyncResultBase`1.End()
	      at System.Web.Mvc.Controller.EndExecuteCore(IAsyncResult asyncResult)
	      at System.Web.Mvc.Controller.<BeginExecute>b__15(IAsyncResult asyncResult, Controller controller)
	      at System.Web.Mvc.Async.AsyncResultWrapper.WrappedAsyncVoid`1.CallEndDelegate(IAsyncResult asyncResult)
	      at System.Web.Mvc.Async.AsyncResultWrapper.WrappedAsyncResultBase`1.End()
	      at System.Web.Mvc.Controller.EndExecute(IAsyncResult asyncResult)
	      at System.Web.Mvc.Controller.System.Web.Mvc.Async.IAsyncController.EndExecute(IAsyncResult asyncResult)
	      at System.Web.Mvc.MvcHandler.<BeginProcessRequest>b__5(IAsyncResult asyncResult, ProcessRequestState innerState)
	      at System.Web.Mvc.Async.AsyncResultWrapper.WrappedAsyncVoid`1.CallEndDelegate(IAsyncResult asyncResult)
	      at System.Web.Mvc.Async.AsyncResultWrapper.WrappedAsyncResultBase`1.End()
	      at System.Web.Mvc.MvcHandler.EndProcessRequest(IAsyncResult asyncResult)
	      at System.Web.Mvc.MvcHandler.System.Web.IHttpAsyncHandler.EndProcessRequest(IAsyncResult result)
	      at System.Web.HttpApplication.CallHandlerExecutionStep.System.Web.HttpApplication.IExecutionStep.Execute()
	      at System.Web.HttpApplication.ExecuteStepImpl(IExecutionStep step)
	      at System.Web.HttpApplication.ExecuteStep(IExecutionStep step, Boolean& completedSynchronously)
	------------------------------------------------------------------------------------------

		>> The number of rows provided for a FETCH clause must be greater then zero.

		   Type: System.Data.SqlClient.SqlException
		      at System.Data.SqlClient.SqlConnection.OnError(SqlException exception, Boolean breakConnection, Action`1 wrapCloseInAction)
		      at System.Data.SqlClient.SqlInternalConnection.OnError(SqlException exception, Boolean breakConnection, Action`1 wrapCloseInAction)
		      at System.Data.SqlClient.TdsParser.ThrowExceptionAndWarning(TdsParserStateObject stateObj, Boolean callerHasConnectionLock, Boolean asyncClose)
		      at System.Data.SqlClient.TdsParser.TryRun(RunBehavior runBehavior, SqlCommand cmdHandler, SqlDataReader dataStream, BulkCopySimpleResultSet bulkCopyHandler, TdsParserStateObject stateObj, Boolean& dataReady)
		      at System.Data.SqlClient.SqlDataReader.TryHasMoreRows(Boolean& moreRows)
		      at System.Data.SqlClient.SqlDataReader.TryReadInternal(Boolean setTimeout, Boolean& more)
		      at System.Data.SqlClient.SqlDataReader.Read()
		      at NHibernate.Driver.NHybridDataReader.Read()
		      at NHibernate.Loader.Loader.DoQuery(ISessionImplementor session, QueryParameters queryParameters, Boolean returnProxies, IResultTransformer forcedResultTransformer)
		      at NHibernate.Loader.Loader.DoQueryAndInitializeNonLazyCollections(ISessionImplementor session, QueryParameters queryParameters, Boolean returnProxies, IResultTransformer forcedResultTransformer)
		      at NHibernate.Loader.Loader.DoList(ISessionImplementor session, QueryParameters queryParameters, IResultTransformer forcedResultTransformer)
		------------------------------------------------------------------------------------------


2019-05-28T09:02:25.6630156Z	ErrorId: ec2ee78f-8c45-4c3d-b16b-68a9642852f7

	Utc:		2019-05-28T09:02:25.6630156Z
	Machine:	INBLRWIT043838B
	Application:	C:\Program Files (x86)\IIS Express\iisexpress.exe
	System:		Volvo/NVS/POS
	Version:	Vunknown. Build date is unknown
	Description:	-
	Transaction:	-

	Exception stack: 2 level(s)
	------------------------------------------------------------------------------------------

	>> could not execute batch command.[SQL: SQL not available]

	   Type: NHibernate.Exceptions.GenericADOException
	      at NHibernate.AdoNet.SqlClientBatchingBatcher.DoExecuteBatch(IDbCommand ps)
	      at NHibernate.AdoNet.AbstractBatcher.ExecuteBatchWithTiming(IDbCommand ps)
	      at NHibernate.AdoNet.AbstractBatcher.ExecuteBatch()
	      at NHibernate.Engine.ActionQueue.ExecuteActions(IList list)
	      at NHibernate.Engine.ActionQueue.ExecuteActions()
	      at NHibernate.Event.Default.AbstractFlushingEventListener.PerformExecutions(IEventSource session)
	      at NHibernate.Event.Default.DefaultFlushEventListener.OnFlush(FlushEvent event)
	      at NHibernate.Impl.SessionImpl.Flush()
	      at NHibernate.Transaction.AdoTransaction.Commit()
	      at Volvo.LAT.POLineDomain.InfrastructureLayer.Repositories.POLineRepository.SaveUpdateDetail(POLine pLine, String purchaseOrderComment) in C:\TFS\BA-LAT-IT-P2\Src\NVSComponents\POLineDomain\Infrastructure\InfrastructureLayer\Repositories\POLineRepository.cs:line 122
	      at Volvo.LAT.POLineDomain.DomainLayer.POLineService.SaveUpdateDetail(POLine poLine, String comments) in C:\TFS\BA-LAT-IT-P2\Src\NVSComponents\POLineDomain\Services\DomainLayer\POLineService.cs:line 292
	      at Volvo.LAT.MVCWebUIComponent.Controllers.POLineController.SaveDetail(POLineSaveViewModel pOLineSave) in C:\TFS\BA-LAT-IT-P2\Src\NVSComponents\MVCWebUIComponent\Controllers\POLineController.cs:line 402
	      at lambda_method(Closure , ControllerBase , Object[] )
	      at System.Web.Mvc.ActionMethodDispatcher.Execute(ControllerBase controller, Object[] parameters)
	      at System.Web.Mvc.ReflectedActionDescriptor.Execute(ControllerContext controllerContext, IDictionary`2 parameters)
	      at System.Web.Mvc.ControllerActionInvoker.InvokeActionMethod(ControllerContext controllerContext, ActionDescriptor actionDescriptor, IDictionary`2 parameters)
	      at System.Web.Mvc.Async.AsyncControllerActionInvoker.<BeginInvokeSynchronousActionMethod>b__39(IAsyncResult asyncResult, ActionInvocation innerInvokeState)
	      at System.Web.Mvc.Async.AsyncResultWrapper.WrappedAsyncResult`2.CallEndDelegate(IAsyncResult asyncResult)
	      at System.Web.Mvc.Async.AsyncResultWrapper.WrappedAsyncResultBase`1.End()
	      at System.Web.Mvc.Async.AsyncControllerActionInvoker.EndInvokeActionMethod(IAsyncResult asyncResult)
	      at System.Web.Mvc.Async.AsyncControllerActionInvoker.AsyncInvocationWithFilters.<InvokeActionMethodFilterAsynchronouslyRecursive>b__3d()
	      at System.Web.Mvc.Async.AsyncControllerActionInvoker.AsyncInvocationWithFilters.<>c__DisplayClass46.<InvokeActionMethodFilterAsynchronouslyRecursive>b__3f()
	      at System.Web.Mvc.Async.AsyncControllerActionInvoker.AsyncInvocationWithFilters.<>c__DisplayClass46.<InvokeActionMethodFilterAsynchronouslyRecursive>b__3f()
	      at System.Web.Mvc.Async.AsyncControllerActionInvoker.<>c__DisplayClass33.<BeginInvokeActionMethodWithFilters>b__32(IAsyncResult asyncResult)
	      at System.Web.Mvc.Async.AsyncResultWrapper.WrappedAsyncResult`1.CallEndDelegate(IAsyncResult asyncResult)
	      at System.Web.Mvc.Async.AsyncResultWrapper.WrappedAsyncResultBase`1.End()
	      at System.Web.Mvc.Async.AsyncControllerActionInvoker.EndInvokeActionMethodWithFilters(IAsyncResult asyncResult)
	      at System.Web.Mvc.Async.AsyncControllerActionInvoker.<>c__DisplayClass21.<>c__DisplayClass2b.<BeginInvokeAction>b__1c()
	      at System.Web.Mvc.Async.AsyncControllerActionInvoker.<>c__DisplayClass21.<BeginInvokeAction>b__1e(IAsyncResult asyncResult)
	      at System.Web.Mvc.Async.AsyncResultWrapper.WrappedAsyncResult`1.CallEndDelegate(IAsyncResult asyncResult)
	      at System.Web.Mvc.Async.AsyncResultWrapper.WrappedAsyncResultBase`1.End()
	      at System.Web.Mvc.Async.AsyncControllerActionInvoker.EndInvokeAction(IAsyncResult asyncResult)
	      at System.Web.Mvc.Controller.<BeginExecuteCore>b__1d(IAsyncResult asyncResult, ExecuteCoreState innerState)
	      at System.Web.Mvc.Async.AsyncResultWrapper.WrappedAsyncVoid`1.CallEndDelegate(IAsyncResult asyncResult)
	      at System.Web.Mvc.Async.AsyncResultWrapper.WrappedAsyncResultBase`1.End()
	      at System.Web.Mvc.Controller.EndExecuteCore(IAsyncResult asyncResult)
	      at System.Web.Mvc.Controller.<BeginExecute>b__15(IAsyncResult asyncResult, Controller controller)
	      at System.Web.Mvc.Async.AsyncResultWrapper.WrappedAsyncVoid`1.CallEndDelegate(IAsyncResult asyncResult)
	      at System.Web.Mvc.Async.AsyncResultWrapper.WrappedAsyncResultBase`1.End()
	      at System.Web.Mvc.Controller.EndExecute(IAsyncResult asyncResult)
	      at System.Web.Mvc.Controller.System.Web.Mvc.Async.IAsyncController.EndExecute(IAsyncResult asyncResult)
	      at System.Web.Mvc.MvcHandler.<BeginProcessRequest>b__5(IAsyncResult asyncResult, ProcessRequestState innerState)
	      at System.Web.Mvc.Async.AsyncResultWrapper.WrappedAsyncVoid`1.CallEndDelegate(IAsyncResult asyncResult)
	      at System.Web.Mvc.Async.AsyncResultWrapper.WrappedAsyncResultBase`1.End()
	      at System.Web.Mvc.MvcHandler.EndProcessRequest(IAsyncResult asyncResult)
	      at System.Web.Mvc.MvcHandler.System.Web.IHttpAsyncHandler.EndProcessRequest(IAsyncResult result)
	      at System.Web.HttpApplication.CallHandlerExecutionStep.System.Web.HttpApplication.IExecutionStep.Execute()
	      at System.Web.HttpApplication.ExecuteStepImpl(IExecutionStep step)
	      at System.Web.HttpApplication.ExecuteStep(IExecutionStep step, Boolean& completedSynchronously)
	------------------------------------------------------------------------------------------

		>> String or binary data would be truncated.
		  The statement has been terminated.

		   Type: System.Data.SqlClient.SqlException
		      at System.Data.SqlClient.SqlConnection.OnError(SqlException exception, Boolean breakConnection, Action`1 wrapCloseInAction)
		      at System.Data.SqlClient.SqlInternalConnection.OnError(SqlException exception, Boolean breakConnection, Action`1 wrapCloseInAction)
		      at System.Data.SqlClient.TdsParser.ThrowExceptionAndWarning(TdsParserStateObject stateObj, Boolean callerHasConnectionLock, Boolean asyncClose)
		      at System.Data.SqlClient.TdsParser.TryRun(RunBehavior runBehavior, SqlCommand cmdHandler, SqlDataReader dataStream, BulkCopySimpleResultSet bulkCopyHandler, TdsParserStateObject stateObj, Boolean& dataReady)
		      at System.Data.SqlClient.SqlCommand.FinishExecuteReader(SqlDataReader ds, RunBehavior runBehavior, String resetOptionsString, Boolean isInternal, Boolean forDescribeParameterEncryption, Boolean shouldCacheForAlwaysEncrypted)
		      at System.Data.SqlClient.SqlCommand.RunExecuteReaderTds(CommandBehavior cmdBehavior, RunBehavior runBehavior, Boolean returnStream, Boolean async, Int32 timeout, Task& task, Boolean asyncWrite, Boolean inRetry, SqlDataReader ds, Boolean describeParameterEncryptionRequest)
		      at System.Data.SqlClient.SqlCommand.RunExecuteReader(CommandBehavior cmdBehavior, RunBehavior runBehavior, Boolean returnStream, String method, TaskCompletionSource`1 completion, Int32 timeout, Task& task, Boolean& usedCache, Boolean asyncWrite, Boolean inRetry)
		      at System.Data.SqlClient.SqlCommand.InternalExecuteNonQuery(TaskCompletionSource`1 completion, String methodName, Boolean sendToPipe, Int32 timeout, Boolean& usedCache, Boolean asyncWrite, Boolean inRetry)
		      at System.Data.SqlClient.SqlCommand.ExecuteNonQuery()
		      at System.Data.SqlClient.SqlCommand.ExecuteBatchRPCCommand()
		      at System.Data.SqlClient.SqlCommandSet.ExecuteNonQuery()
		      at NHibernate.AdoNet.SqlClientSqlCommandSet.ExecuteNonQuery()
		      at NHibernate.AdoNet.SqlClientBatchingBatcher.DoExecuteBatch(IDbCommand ps)
		------------------------------------------------------------------------------------------


2019-05-28T09:19:42.5602324Z	ErrorId: 27c2d372-6a34-4c1b-8cab-f5ff8ac6ea9d

	Utc:		2019-05-28T09:19:42.5602324Z
	Machine:	INBLRWIT043838B
	Application:	C:\Program Files (x86)\IIS Express\iisexpress.exe
	System:		Volvo/NVS/POS
	Version:	Vunknown. Build date is unknown
	Description:	-
	Transaction:	-

	Exception stack: 2 level(s)
	------------------------------------------------------------------------------------------

	>> could not execute batch command.[SQL: SQL not available]

	   Type: NHibernate.Exceptions.GenericADOException
	      at NHibernate.AdoNet.SqlClientBatchingBatcher.DoExecuteBatch(IDbCommand ps)
	      at NHibernate.AdoNet.AbstractBatcher.ExecuteBatchWithTiming(IDbCommand ps)
	      at NHibernate.AdoNet.AbstractBatcher.ExecuteBatch()
	      at NHibernate.Engine.ActionQueue.ExecuteActions(IList list)
	      at NHibernate.Engine.ActionQueue.ExecuteActions()
	      at NHibernate.Event.Default.AbstractFlushingEventListener.PerformExecutions(IEventSource session)
	      at NHibernate.Event.Default.DefaultFlushEventListener.OnFlush(FlushEvent event)
	      at NHibernate.Impl.SessionImpl.Flush()
	      at NHibernate.Transaction.AdoTransaction.Commit()
	      at Volvo.LAT.POLineDomain.InfrastructureLayer.Repositories.POLineRepository.SaveUpdateDetail(POLine pLine, String purchaseOrderComment) in C:\TFS\BA-LAT-IT-P2\Src\NVSComponents\POLineDomain\Infrastructure\InfrastructureLayer\Repositories\POLineRepository.cs:line 122
	      at Volvo.LAT.POLineDomain.DomainLayer.POLineService.SaveUpdateDetail(POLine poLine, String comments) in C:\TFS\BA-LAT-IT-P2\Src\NVSComponents\POLineDomain\Services\DomainLayer\POLineService.cs:line 292
	      at Volvo.LAT.MVCWebUIComponent.Controllers.POLineController.SaveDetail(POLineSaveViewModel pOLineSave) in C:\TFS\BA-LAT-IT-P2\Src\NVSComponents\MVCWebUIComponent\Controllers\POLineController.cs:line 402
	      at lambda_method(Closure , ControllerBase , Object[] )
	      at System.Web.Mvc.ActionMethodDispatcher.Execute(ControllerBase controller, Object[] parameters)
	      at System.Web.Mvc.ReflectedActionDescriptor.Execute(ControllerContext controllerContext, IDictionary`2 parameters)
	      at System.Web.Mvc.ControllerActionInvoker.InvokeActionMethod(ControllerContext controllerContext, ActionDescriptor actionDescriptor, IDictionary`2 parameters)
	      at System.Web.Mvc.Async.AsyncControllerActionInvoker.<BeginInvokeSynchronousActionMethod>b__39(IAsyncResult asyncResult, ActionInvocation innerInvokeState)
	      at System.Web.Mvc.Async.AsyncResultWrapper.WrappedAsyncResult`2.CallEndDelegate(IAsyncResult asyncResult)
	      at System.Web.Mvc.Async.AsyncResultWrapper.WrappedAsyncResultBase`1.End()
	      at System.Web.Mvc.Async.AsyncControllerActionInvoker.EndInvokeActionMethod(IAsyncResult asyncResult)
	      at System.Web.Mvc.Async.AsyncControllerActionInvoker.AsyncInvocationWithFilters.<InvokeActionMethodFilterAsynchronouslyRecursive>b__3d()
	      at System.Web.Mvc.Async.AsyncControllerActionInvoker.AsyncInvocationWithFilters.<>c__DisplayClass46.<InvokeActionMethodFilterAsynchronouslyRecursive>b__3f()
	      at System.Web.Mvc.Async.AsyncControllerActionInvoker.AsyncInvocationWithFilters.<>c__DisplayClass46.<InvokeActionMethodFilterAsynchronouslyRecursive>b__3f()
	      at System.Web.Mvc.Async.AsyncControllerActionInvoker.<>c__DisplayClass33.<BeginInvokeActionMethodWithFilters>b__32(IAsyncResult asyncResult)
	      at System.Web.Mvc.Async.AsyncResultWrapper.WrappedAsyncResult`1.CallEndDelegate(IAsyncResult asyncResult)
	      at System.Web.Mvc.Async.AsyncResultWrapper.WrappedAsyncResultBase`1.End()
	      at System.Web.Mvc.Async.AsyncControllerActionInvoker.EndInvokeActionMethodWithFilters(IAsyncResult asyncResult)
	      at System.Web.Mvc.Async.AsyncControllerActionInvoker.<>c__DisplayClass21.<>c__DisplayClass2b.<BeginInvokeAction>b__1c()
	      at System.Web.Mvc.Async.AsyncControllerActionInvoker.<>c__DisplayClass21.<BeginInvokeAction>b__1e(IAsyncResult asyncResult)
	      at System.Web.Mvc.Async.AsyncResultWrapper.WrappedAsyncResult`1.CallEndDelegate(IAsyncResult asyncResult)
	      at System.Web.Mvc.Async.AsyncResultWrapper.WrappedAsyncResultBase`1.End()
	      at System.Web.Mvc.Async.AsyncControllerActionInvoker.EndInvokeAction(IAsyncResult asyncResult)
	      at System.Web.Mvc.Controller.<BeginExecuteCore>b__1d(IAsyncResult asyncResult, ExecuteCoreState innerState)
	      at System.Web.Mvc.Async.AsyncResultWrapper.WrappedAsyncVoid`1.CallEndDelegate(IAsyncResult asyncResult)
	      at System.Web.Mvc.Async.AsyncResultWrapper.WrappedAsyncResultBase`1.End()
	      at System.Web.Mvc.Controller.EndExecuteCore(IAsyncResult asyncResult)
	      at System.Web.Mvc.Controller.<BeginExecute>b__15(IAsyncResult asyncResult, Controller controller)
	      at System.Web.Mvc.Async.AsyncResultWrapper.WrappedAsyncVoid`1.CallEndDelegate(IAsyncResult asyncResult)
	      at System.Web.Mvc.Async.AsyncResultWrapper.WrappedAsyncResultBase`1.End()
	      at System.Web.Mvc.Controller.EndExecute(IAsyncResult asyncResult)
	      at System.Web.Mvc.Controller.System.Web.Mvc.Async.IAsyncController.EndExecute(IAsyncResult asyncResult)
	      at System.Web.Mvc.MvcHandler.<BeginProcessRequest>b__5(IAsyncResult asyncResult, ProcessRequestState innerState)
	      at System.Web.Mvc.Async.AsyncResultWrapper.WrappedAsyncVoid`1.CallEndDelegate(IAsyncResult asyncResult)
	      at System.Web.Mvc.Async.AsyncResultWrapper.WrappedAsyncResultBase`1.End()
	      at System.Web.Mvc.MvcHandler.EndProcessRequest(IAsyncResult asyncResult)
	      at System.Web.Mvc.MvcHandler.System.Web.IHttpAsyncHandler.EndProcessRequest(IAsyncResult result)
	      at System.Web.HttpApplication.CallHandlerExecutionStep.System.Web.HttpApplication.IExecutionStep.Execute()
	      at System.Web.HttpApplication.ExecuteStepImpl(IExecutionStep step)
	      at System.Web.HttpApplication.ExecuteStep(IExecutionStep step, Boolean& completedSynchronously)
	------------------------------------------------------------------------------------------

		>> String or binary data would be truncated.
		  The statement has been terminated.

		   Type: System.Data.SqlClient.SqlException
		      at System.Data.SqlClient.SqlConnection.OnError(SqlException exception, Boolean breakConnection, Action`1 wrapCloseInAction)
		      at System.Data.SqlClient.SqlInternalConnection.OnError(SqlException exception, Boolean breakConnection, Action`1 wrapCloseInAction)
		      at System.Data.SqlClient.TdsParser.ThrowExceptionAndWarning(TdsParserStateObject stateObj, Boolean callerHasConnectionLock, Boolean asyncClose)
		      at System.Data.SqlClient.TdsParser.TryRun(RunBehavior runBehavior, SqlCommand cmdHandler, SqlDataReader dataStream, BulkCopySimpleResultSet bulkCopyHandler, TdsParserStateObject stateObj, Boolean& dataReady)
		      at System.Data.SqlClient.SqlCommand.FinishExecuteReader(SqlDataReader ds, RunBehavior runBehavior, String resetOptionsString, Boolean isInternal, Boolean forDescribeParameterEncryption, Boolean shouldCacheForAlwaysEncrypted)
		      at System.Data.SqlClient.SqlCommand.RunExecuteReaderTds(CommandBehavior cmdBehavior, RunBehavior runBehavior, Boolean returnStream, Boolean async, Int32 timeout, Task& task, Boolean asyncWrite, Boolean inRetry, SqlDataReader ds, Boolean describeParameterEncryptionRequest)
		      at System.Data.SqlClient.SqlCommand.RunExecuteReader(CommandBehavior cmdBehavior, RunBehavior runBehavior, Boolean returnStream, String method, TaskCompletionSource`1 completion, Int32 timeout, Task& task, Boolean& usedCache, Boolean asyncWrite, Boolean inRetry)
		      at System.Data.SqlClient.SqlCommand.InternalExecuteNonQuery(TaskCompletionSource`1 completion, String methodName, Boolean sendToPipe, Int32 timeout, Boolean& usedCache, Boolean asyncWrite, Boolean inRetry)
		      at System.Data.SqlClient.SqlCommand.ExecuteNonQuery()
		      at System.Data.SqlClient.SqlCommand.ExecuteBatchRPCCommand()
		      at System.Data.SqlClient.SqlCommandSet.ExecuteNonQuery()
		      at NHibernate.AdoNet.SqlClientSqlCommandSet.ExecuteNonQuery()
		      at NHibernate.AdoNet.SqlClientBatchingBatcher.DoExecuteBatch(IDbCommand ps)
		------------------------------------------------------------------------------------------


2019-05-28T17:31:42.5876594Z	ErrorId: b63bcf58-4b4b-42a6-af80-3c650fbcf237

	Utc:		2019-05-28T17:31:42.5876594Z
	Machine:	INBLRWIT043838B
	Application:	C:\Program Files (x86)\IIS Express\iisexpress.exe
	System:		Volvo/NVS/POS
	Version:	Vunknown. Build date is unknown
	Description:	-
	Transaction:	-

	Exception stack: 1 level(s)
	------------------------------------------------------------------------------------------

	>> The trust relationship between this workstation and the primary domain failed.

	   Type: System.SystemException
	      at System.Security.Principal.NTAccount.TranslateToSids(IdentityReferenceCollection sourceAccounts, Boolean& someFailed)
	      at System.Security.Principal.NTAccount.Translate(IdentityReferenceCollection sourceAccounts, Type targetType, Boolean& someFailed)
	      at System.Security.Principal.NTAccount.Translate(IdentityReferenceCollection sourceAccounts, Type targetType, Boolean forceSuccess)
	      at System.Security.Principal.WindowsPrincipal.IsInRole(String role)
	      at Volvo.NVS.Security.Claims.ClaimsService.AddRole(String value)
	      at Volvo.NVS.Security.Claims.ClaimsService.AddRole(IEnumerable`1 values)
	      at Volvo.LAT.UserDomain.DomainLayer.UserService.CompleteClaims(IClaimsService service, DateTime contextTimestamp) in C:\TFS\BA-LAT-IT-P2\Src\NVSComponents\UserDomain\Services\DomainLayer\UserService.Claims.cs:line 74
	      at Volvo.NVS.Security.Handlers.AuthenticationHandler.CompleteClaims(IClaimsService service)
	      at Volvo.NVS.Security.Handlers.AuthenticationHandler.PostAuthenticate()
	      at Volvo.NVS.Security.SystemWeb.Modules.AuthenticationHttpModule`1.PostAuthenticateRequest(Object sender, EventArgs e)
	      at System.Web.HttpApplication.SyncEventExecutionStep.System.Web.HttpApplication.IExecutionStep.Execute()
	      at System.Web.HttpApplication.ExecuteStepImpl(IExecutionStep step)
	      at System.Web.HttpApplication.ExecuteStep(IExecutionStep step, Boolean& completedSynchronously)
	------------------------------------------------------------------------------------------


