2019-06-02T13:34:48.3675946Z	ErrorId: 9676e8b0-ed03-4c48-8340-e08f7b894b65

	Utc:		2019-06-02T13:34:48.3675946Z
	Machine:	INBLRWIT043838B
	Application:	C:\Program Files (x86)\IIS Express\iisexpress.exe
	System:		Volvo/NVS/POS
	Version:	Vunknown. Build date is unknown
	Description:	-
	Transaction:	-

	Exception stack: 1 level(s)
	------------------------------------------------------------------------------------------

	>> The trust relationship between this workstation and the primary domain failed.

	   Type: System.SystemException
	      at System.Security.Principal.NTAccount.TranslateToSids(IdentityReferenceCollection sourceAccounts, Boolean& someFailed)
	      at System.Security.Principal.NTAccount.Translate(IdentityReferenceCollection sourceAccounts, Type targetType, Boolean& someFailed)
	      at System.Security.Principal.NTAccount.Translate(IdentityReferenceCollection sourceAccounts, Type targetType, Boolean forceSuccess)
	      at System.Security.Principal.WindowsPrincipal.IsInRole(String role)
	      at Volvo.NVS.Security.Claims.ClaimsService.AddRole(String value)
	      at Volvo.NVS.Security.Claims.ClaimsService.AddRole(IEnumerable`1 values)
	      at Volvo.LAT.UserDomain.DomainLayer.UserService.CompleteClaims(IClaimsService service, DateTime contextTimestamp) in C:\TFS\BA-LAT-IT-P2\Src\NVSComponents\UserDomain\Services\DomainLayer\UserService.Claims.cs:line 74
	      at Volvo.NVS.Security.Handlers.AuthenticationHandler.CompleteClaims(IClaimsService service)
	      at Volvo.NVS.Security.Handlers.AuthenticationHandler.PostAuthenticate()
	      at Volvo.NVS.Security.SystemWeb.Modules.AuthenticationHttpModule`1.PostAuthenticateRequest(Object sender, EventArgs e)
	      at System.Web.HttpApplication.SyncEventExecutionStep.System.Web.HttpApplication.IExecutionStep.Execute()
	      at System.Web.HttpApplication.ExecuteStepImpl(IExecutionStep step)
	      at System.Web.HttpApplication.ExecuteStep(IExecutionStep step, Boolean& completedSynchronously)
	------------------------------------------------------------------------------------------


2019-06-02T13:38:17.8545708Z	ErrorId: 3603a9d9-ad81-4351-b424-04649996ee55

	Utc:		2019-06-02T13:38:17.8545708Z
	Machine:	INBLRWIT043838B
	Application:	C:\Program Files (x86)\IIS Express\iisexpress.exe
	System:		Volvo/NVS/POS
	Version:	Vunknown. Build date is unknown
	Description:	-
	Transaction:	-

	Exception stack: 1 level(s)
	------------------------------------------------------------------------------------------

	>> The trust relationship between this workstation and the primary domain failed.

	   Type: System.SystemException
	      at System.Security.Principal.NTAccount.TranslateToSids(IdentityReferenceCollection sourceAccounts, Boolean& someFailed)
	      at System.Security.Principal.NTAccount.Translate(IdentityReferenceCollection sourceAccounts, Type targetType, Boolean& someFailed)
	      at System.Security.Principal.NTAccount.Translate(IdentityReferenceCollection sourceAccounts, Type targetType, Boolean forceSuccess)
	      at System.Security.Principal.WindowsPrincipal.IsInRole(String role)
	      at Volvo.NVS.Security.Claims.ClaimsService.AddRole(String value)
	      at Volvo.NVS.Security.Claims.ClaimsService.AddRole(IEnumerable`1 values)
	      at Volvo.LAT.UserDomain.DomainLayer.UserService.CompleteClaims(IClaimsService service, DateTime contextTimestamp) in C:\TFS\BA-LAT-IT-P2\Src\NVSComponents\UserDomain\Services\DomainLayer\UserService.Claims.cs:line 74
	      at Volvo.NVS.Security.Handlers.AuthenticationHandler.CompleteClaims(IClaimsService service)
	      at Volvo.NVS.Security.Handlers.AuthenticationHandler.PostAuthenticate()
	      at Volvo.NVS.Security.SystemWeb.Modules.AuthenticationHttpModule`1.PostAuthenticateRequest(Object sender, EventArgs e)
	      at System.Web.HttpApplication.SyncEventExecutionStep.System.Web.HttpApplication.IExecutionStep.Execute()
	      at System.Web.HttpApplication.ExecuteStepImpl(IExecutionStep step)
	      at System.Web.HttpApplication.ExecuteStep(IExecutionStep step, Boolean& completedSynchronously)
	------------------------------------------------------------------------------------------


2019-06-02T13:39:45.271727Z	ErrorId: c3832e70-5d6d-4919-aedf-1669d4088d41

	Utc:		2019-06-02T13:39:45.271727Z
	Machine:	INBLRWIT043838B
	Application:	C:\Program Files (x86)\IIS Express\iisexpress.exe
	System:		Volvo/NVS/POS
	Version:	Vunknown. Build date is unknown
	Description:	-
	Transaction:	-

	Exception stack: 1 level(s)
	------------------------------------------------------------------------------------------

	>> The trust relationship between this workstation and the primary domain failed.

	   Type: System.SystemException
	      at System.Security.Principal.NTAccount.TranslateToSids(IdentityReferenceCollection sourceAccounts, Boolean& someFailed)
	      at System.Security.Principal.NTAccount.Translate(IdentityReferenceCollection sourceAccounts, Type targetType, Boolean& someFailed)
	      at System.Security.Principal.NTAccount.Translate(IdentityReferenceCollection sourceAccounts, Type targetType, Boolean forceSuccess)
	      at System.Security.Principal.WindowsPrincipal.IsInRole(String role)
	      at Volvo.NVS.Security.Claims.ClaimsService.AddRole(String value)
	      at Volvo.NVS.Security.Claims.ClaimsService.AddRole(IEnumerable`1 values)
	      at Volvo.LAT.UserDomain.DomainLayer.UserService.CompleteClaims(IClaimsService service, DateTime contextTimestamp) in C:\TFS\BA-LAT-IT-P2\Src\NVSComponents\UserDomain\Services\DomainLayer\UserService.Claims.cs:line 74
	      at Volvo.NVS.Security.Handlers.AuthenticationHandler.CompleteClaims(IClaimsService service)
	      at Volvo.NVS.Security.Handlers.AuthenticationHandler.PostAuthenticate()
	      at Volvo.NVS.Security.SystemWeb.Modules.AuthenticationHttpModule`1.PostAuthenticateRequest(Object sender, EventArgs e)
	      at System.Web.HttpApplication.SyncEventExecutionStep.System.Web.HttpApplication.IExecutionStep.Execute()
	      at System.Web.HttpApplication.ExecuteStepImpl(IExecutionStep step)
	      at System.Web.HttpApplication.ExecuteStep(IExecutionStep step, Boolean& completedSynchronously)
	------------------------------------------------------------------------------------------


2019-06-02T13:39:56.5265403Z	ErrorId: 8b323b46-5d4d-4842-979c-790c554d6b05

	Utc:		2019-06-02T13:39:56.5265403Z
	Machine:	INBLRWIT043838B
	Application:	C:\Program Files (x86)\IIS Express\iisexpress.exe
	System:		Volvo/NVS/POS
	Version:	Vunknown. Build date is unknown
	Description:	-
	Transaction:	-

	Exception stack: 1 level(s)
	------------------------------------------------------------------------------------------

	>> The trust relationship between this workstation and the primary domain failed.

	   Type: System.SystemException
	      at System.Security.Principal.NTAccount.TranslateToSids(IdentityReferenceCollection sourceAccounts, Boolean& someFailed)
	      at System.Security.Principal.NTAccount.Translate(IdentityReferenceCollection sourceAccounts, Type targetType, Boolean& someFailed)
	      at System.Security.Principal.NTAccount.Translate(IdentityReferenceCollection sourceAccounts, Type targetType, Boolean forceSuccess)
	      at System.Security.Principal.WindowsPrincipal.IsInRole(String role)
	      at Volvo.NVS.Security.Claims.ClaimsService.AddRole(String value)
	      at Volvo.NVS.Security.Claims.ClaimsService.AddRole(IEnumerable`1 values)
	      at Volvo.LAT.UserDomain.DomainLayer.UserService.CompleteClaims(IClaimsService service, DateTime contextTimestamp) in C:\TFS\BA-LAT-IT-P2\Src\NVSComponents\UserDomain\Services\DomainLayer\UserService.Claims.cs:line 74
	      at Volvo.NVS.Security.Handlers.AuthenticationHandler.CompleteClaims(IClaimsService service)
	      at Volvo.NVS.Security.Handlers.AuthenticationHandler.PostAuthenticate()
	      at Volvo.NVS.Security.SystemWeb.Modules.AuthenticationHttpModule`1.PostAuthenticateRequest(Object sender, EventArgs e)
	      at System.Web.HttpApplication.SyncEventExecutionStep.System.Web.HttpApplication.IExecutionStep.Execute()
	      at System.Web.HttpApplication.ExecuteStepImpl(IExecutionStep step)
	      at System.Web.HttpApplication.ExecuteStep(IExecutionStep step, Boolean& completedSynchronously)
	------------------------------------------------------------------------------------------


2019-06-02T13:40:00.615639Z	ErrorId: f46aaed1-59a3-496b-9046-1f5181410779

	Utc:		2019-06-02T13:40:00.615639Z
	Machine:	INBLRWIT043838B
	Application:	C:\Program Files (x86)\IIS Express\iisexpress.exe
	System:		Volvo/NVS/POS
	Version:	Vunknown. Build date is unknown
	Description:	-
	Transaction:	-

	Exception stack: 1 level(s)
	------------------------------------------------------------------------------------------

	>> The trust relationship between this workstation and the primary domain failed.

	   Type: System.SystemException
	      at System.Security.Principal.NTAccount.TranslateToSids(IdentityReferenceCollection sourceAccounts, Boolean& someFailed)
	      at System.Security.Principal.NTAccount.Translate(IdentityReferenceCollection sourceAccounts, Type targetType, Boolean& someFailed)
	      at System.Security.Principal.NTAccount.Translate(IdentityReferenceCollection sourceAccounts, Type targetType, Boolean forceSuccess)
	      at System.Security.Principal.WindowsPrincipal.IsInRole(String role)
	      at Volvo.NVS.Security.Claims.ClaimsService.AddRole(String value)
	      at Volvo.NVS.Security.Claims.ClaimsService.AddRole(IEnumerable`1 values)
	      at Volvo.LAT.UserDomain.DomainLayer.UserService.CompleteClaims(IClaimsService service, DateTime contextTimestamp) in C:\TFS\BA-LAT-IT-P2\Src\NVSComponents\UserDomain\Services\DomainLayer\UserService.Claims.cs:line 74
	      at Volvo.NVS.Security.Handlers.AuthenticationHandler.CompleteClaims(IClaimsService service)
	      at Volvo.NVS.Security.Handlers.AuthenticationHandler.PostAuthenticate()
	      at Volvo.NVS.Security.SystemWeb.Modules.AuthenticationHttpModule`1.PostAuthenticateRequest(Object sender, EventArgs e)
	      at System.Web.HttpApplication.SyncEventExecutionStep.System.Web.HttpApplication.IExecutionStep.Execute()
	      at System.Web.HttpApplication.ExecuteStepImpl(IExecutionStep step)
	      at System.Web.HttpApplication.ExecuteStep(IExecutionStep step, Boolean& completedSynchronously)
	------------------------------------------------------------------------------------------


