2019-05-21T11:34:04.176256Z	ErrorId: 5be1a94b-b03a-4916-8e0c-45ef09ba9742

	Utc:		2019-05-21T11:34:04.176256Z
	Machine:	INBLRWIT043838B
	Application:	C:\Program Files (x86)\IIS Express\iisexpress.exe
	System:		Volvo/NVS/POS
	Version:	Vunknown. Build date is unknown
	Description:	-
	Transaction:	-

	Exception stack: 1 level(s)
	------------------------------------------------------------------------------------------

	>> not-null property references a null or transient value Volvo.LAT.POLineDomain.DomainLayer.Entities.PurchaseOrder.InvoiceNumber

	   Type: NHibernate.PropertyValueException
	      at NHibernate.Engine.Nullability.CheckNullability(Object[] values, IEntityPersister persister, Boolean isUpdate)
	      at NHibernate.Event.Default.DefaultFlushEntityEventListener.ScheduleUpdate(FlushEntityEvent event)
	      at NHibernate.Event.Default.DefaultFlushEntityEventListener.OnFlushEntity(FlushEntityEvent event)
	      at NHibernate.Event.Default.AbstractFlushingEventListener.FlushEntities(FlushEvent event)
	      at NHibernate.Event.Default.AbstractFlushingEventListener.FlushEverythingToExecutions(FlushEvent event)
	      at NHibernate.Event.Default.DefaultFlushEventListener.OnFlush(FlushEvent event)
	      at NHibernate.Impl.SessionImpl.Flush()
	      at NHibernate.Transaction.AdoTransaction.Commit()
	      at Volvo.LAT.POLineDomain.InfrastructureLayer.Repositories.POLineRepository.SaveUpdateDetail(POLine pLine, String purchaseOrderComment) in C:\TFS\BA-LAT-IT-P2\Src\NVSComponents\POLineDomain\Infrastructure\InfrastructureLayer\Repositories\POLineRepository.cs:line 119
	      at Volvo.LAT.POLineDomain.DomainLayer.POLineService.SaveUpdateDetail(POLine poLine, String comments) in C:\TFS\BA-LAT-IT-P2\Src\NVSComponents\POLineDomain\Services\DomainLayer\POLineService.cs:line 292
	      at Volvo.LAT.MVCWebUIComponent.Controllers.POLineController.SaveDetail(POLineSaveViewModel pOLineSave) in C:\TFS\BA-LAT-IT-P2\Src\NVSComponents\MVCWebUIComponent\Controllers\POLineController.cs:line 393
	      at lambda_method(Closure , ControllerBase , Object[] )
	      at System.Web.Mvc.ActionMethodDispatcher.Execute(ControllerBase controller, Object[] parameters)
	      at System.Web.Mvc.ReflectedActionDescriptor.Execute(ControllerContext controllerContext, IDictionary`2 parameters)
	      at System.Web.Mvc.ControllerActionInvoker.InvokeActionMethod(ControllerContext controllerContext, ActionDescriptor actionDescriptor, IDictionary`2 parameters)
	      at System.Web.Mvc.Async.AsyncControllerActionInvoker.<BeginInvokeSynchronousActionMethod>b__39(IAsyncResult asyncResult, ActionInvocation innerInvokeState)
	      at System.Web.Mvc.Async.AsyncResultWrapper.WrappedAsyncResult`2.CallEndDelegate(IAsyncResult asyncResult)
	      at System.Web.Mvc.Async.AsyncResultWrapper.WrappedAsyncResultBase`1.End()
	      at System.Web.Mvc.Async.AsyncControllerActionInvoker.EndInvokeActionMethod(IAsyncResult asyncResult)
	      at System.Web.Mvc.Async.AsyncControllerActionInvoker.AsyncInvocationWithFilters.<InvokeActionMethodFilterAsynchronouslyRecursive>b__3d()
	      at System.Web.Mvc.Async.AsyncControllerActionInvoker.AsyncInvocationWithFilters.<>c__DisplayClass46.<InvokeActionMethodFilterAsynchronouslyRecursive>b__3f()
	      at System.Web.Mvc.Async.AsyncControllerActionInvoker.AsyncInvocationWithFilters.<>c__DisplayClass46.<InvokeActionMethodFilterAsynchronouslyRecursive>b__3f()
	      at System.Web.Mvc.Async.AsyncControllerActionInvoker.<>c__DisplayClass33.<BeginInvokeActionMethodWithFilters>b__32(IAsyncResult asyncResult)
	      at System.Web.Mvc.Async.AsyncResultWrapper.WrappedAsyncResult`1.CallEndDelegate(IAsyncResult asyncResult)
	      at System.Web.Mvc.Async.AsyncResultWrapper.WrappedAsyncResultBase`1.End()
	      at System.Web.Mvc.Async.AsyncControllerActionInvoker.EndInvokeActionMethodWithFilters(IAsyncResult asyncResult)
	      at System.Web.Mvc.Async.AsyncControllerActionInvoker.<>c__DisplayClass21.<>c__DisplayClass2b.<BeginInvokeAction>b__1c()
	      at System.Web.Mvc.Async.AsyncControllerActionInvoker.<>c__DisplayClass21.<BeginInvokeAction>b__1e(IAsyncResult asyncResult)
	      at System.Web.Mvc.Async.AsyncResultWrapper.WrappedAsyncResult`1.CallEndDelegate(IAsyncResult asyncResult)
	      at System.Web.Mvc.Async.AsyncResultWrapper.WrappedAsyncResultBase`1.End()
	      at System.Web.Mvc.Async.AsyncControllerActionInvoker.EndInvokeAction(IAsyncResult asyncResult)
	      at System.Web.Mvc.Controller.<BeginExecuteCore>b__1d(IAsyncResult asyncResult, ExecuteCoreState innerState)
	      at System.Web.Mvc.Async.AsyncResultWrapper.WrappedAsyncVoid`1.CallEndDelegate(IAsyncResult asyncResult)
	      at System.Web.Mvc.Async.AsyncResultWrapper.WrappedAsyncResultBase`1.End()
	      at System.Web.Mvc.Controller.EndExecuteCore(IAsyncResult asyncResult)
	      at System.Web.Mvc.Controller.<BeginExecute>b__15(IAsyncResult asyncResult, Controller controller)
	      at System.Web.Mvc.Async.AsyncResultWrapper.WrappedAsyncVoid`1.CallEndDelegate(IAsyncResult asyncResult)
	      at System.Web.Mvc.Async.AsyncResultWrapper.WrappedAsyncResultBase`1.End()
	      at System.Web.Mvc.Controller.EndExecute(IAsyncResult asyncResult)
	      at System.Web.Mvc.Controller.System.Web.Mvc.Async.IAsyncController.EndExecute(IAsyncResult asyncResult)
	      at System.Web.Mvc.MvcHandler.<BeginProcessRequest>b__5(IAsyncResult asyncResult, ProcessRequestState innerState)
	      at System.Web.Mvc.Async.AsyncResultWrapper.WrappedAsyncVoid`1.CallEndDelegate(IAsyncResult asyncResult)
	      at System.Web.Mvc.Async.AsyncResultWrapper.WrappedAsyncResultBase`1.End()
	      at System.Web.Mvc.MvcHandler.EndProcessRequest(IAsyncResult asyncResult)
	      at System.Web.Mvc.MvcHandler.System.Web.IHttpAsyncHandler.EndProcessRequest(IAsyncResult result)
	      at System.Web.HttpApplication.CallHandlerExecutionStep.System.Web.HttpApplication.IExecutionStep.Execute()
	      at System.Web.HttpApplication.ExecuteStepImpl(IExecutionStep step)
	      at System.Web.HttpApplication.ExecuteStep(IExecutionStep step, Boolean& completedSynchronously)
	------------------------------------------------------------------------------------------


2019-05-21T11:37:51.8459557Z	ErrorId: e1fb387d-01a2-4bcf-86dd-3b8874b804e4

	Utc:		2019-05-21T11:37:51.8459557Z
	Machine:	INBLRWIT043838B
	Application:	C:\Program Files (x86)\IIS Express\iisexpress.exe
	System:		Volvo/NVS/POS
	Version:	Vunknown. Build date is unknown
	Description:	-
	Transaction:	-

	Exception stack: 1 level(s)
	------------------------------------------------------------------------------------------

	>> not-null property references a null or transient value Volvo.LAT.POLineDomain.DomainLayer.Entities.PurchaseOrder.InvoiceNumber

	   Type: NHibernate.PropertyValueException
	      at NHibernate.Engine.Nullability.CheckNullability(Object[] values, IEntityPersister persister, Boolean isUpdate)
	      at NHibernate.Event.Default.DefaultFlushEntityEventListener.ScheduleUpdate(FlushEntityEvent event)
	      at NHibernate.Event.Default.DefaultFlushEntityEventListener.OnFlushEntity(FlushEntityEvent event)
	      at NHibernate.Event.Default.AbstractFlushingEventListener.FlushEntities(FlushEvent event)
	      at NHibernate.Event.Default.AbstractFlushingEventListener.FlushEverythingToExecutions(FlushEvent event)
	      at NHibernate.Event.Default.DefaultFlushEventListener.OnFlush(FlushEvent event)
	      at NHibernate.Impl.SessionImpl.Flush()
	      at NHibernate.Transaction.AdoTransaction.Commit()
	      at Volvo.LAT.POLineDomain.InfrastructureLayer.Repositories.POLineRepository.SaveUpdateDetail(POLine pLine, String purchaseOrderComment) in C:\TFS\BA-LAT-IT-P2\Src\NVSComponents\POLineDomain\Infrastructure\InfrastructureLayer\Repositories\POLineRepository.cs:line 119
	      at Volvo.LAT.POLineDomain.DomainLayer.POLineService.SaveUpdateDetail(POLine poLine, String comments) in C:\TFS\BA-LAT-IT-P2\Src\NVSComponents\POLineDomain\Services\DomainLayer\POLineService.cs:line 292
	      at Volvo.LAT.MVCWebUIComponent.Controllers.POLineController.SaveDetail(POLineSaveViewModel pOLineSave) in C:\TFS\BA-LAT-IT-P2\Src\NVSComponents\MVCWebUIComponent\Controllers\POLineController.cs:line 393
	      at lambda_method(Closure , ControllerBase , Object[] )
	      at System.Web.Mvc.ActionMethodDispatcher.Execute(ControllerBase controller, Object[] parameters)
	      at System.Web.Mvc.ReflectedActionDescriptor.Execute(ControllerContext controllerContext, IDictionary`2 parameters)
	      at System.Web.Mvc.ControllerActionInvoker.InvokeActionMethod(ControllerContext controllerContext, ActionDescriptor actionDescriptor, IDictionary`2 parameters)
	      at System.Web.Mvc.Async.AsyncControllerActionInvoker.<BeginInvokeSynchronousActionMethod>b__39(IAsyncResult asyncResult, ActionInvocation innerInvokeState)
	      at System.Web.Mvc.Async.AsyncResultWrapper.WrappedAsyncResult`2.CallEndDelegate(IAsyncResult asyncResult)
	      at System.Web.Mvc.Async.AsyncResultWrapper.WrappedAsyncResultBase`1.End()
	      at System.Web.Mvc.Async.AsyncControllerActionInvoker.EndInvokeActionMethod(IAsyncResult asyncResult)
	      at System.Web.Mvc.Async.AsyncControllerActionInvoker.AsyncInvocationWithFilters.<InvokeActionMethodFilterAsynchronouslyRecursive>b__3d()
	      at System.Web.Mvc.Async.AsyncControllerActionInvoker.AsyncInvocationWithFilters.<>c__DisplayClass46.<InvokeActionMethodFilterAsynchronouslyRecursive>b__3f()
	      at System.Web.Mvc.Async.AsyncControllerActionInvoker.AsyncInvocationWithFilters.<>c__DisplayClass46.<InvokeActionMethodFilterAsynchronouslyRecursive>b__3f()
	      at System.Web.Mvc.Async.AsyncControllerActionInvoker.<>c__DisplayClass33.<BeginInvokeActionMethodWithFilters>b__32(IAsyncResult asyncResult)
	      at System.Web.Mvc.Async.AsyncResultWrapper.WrappedAsyncResult`1.CallEndDelegate(IAsyncResult asyncResult)
	      at System.Web.Mvc.Async.AsyncResultWrapper.WrappedAsyncResultBase`1.End()
	      at System.Web.Mvc.Async.AsyncControllerActionInvoker.EndInvokeActionMethodWithFilters(IAsyncResult asyncResult)
	      at System.Web.Mvc.Async.AsyncControllerActionInvoker.<>c__DisplayClass21.<>c__DisplayClass2b.<BeginInvokeAction>b__1c()
	      at System.Web.Mvc.Async.AsyncControllerActionInvoker.<>c__DisplayClass21.<BeginInvokeAction>b__1e(IAsyncResult asyncResult)
	      at System.Web.Mvc.Async.AsyncResultWrapper.WrappedAsyncResult`1.CallEndDelegate(IAsyncResult asyncResult)
	      at System.Web.Mvc.Async.AsyncResultWrapper.WrappedAsyncResultBase`1.End()
	      at System.Web.Mvc.Async.AsyncControllerActionInvoker.EndInvokeAction(IAsyncResult asyncResult)
	      at System.Web.Mvc.Controller.<BeginExecuteCore>b__1d(IAsyncResult asyncResult, ExecuteCoreState innerState)
	      at System.Web.Mvc.Async.AsyncResultWrapper.WrappedAsyncVoid`1.CallEndDelegate(IAsyncResult asyncResult)
	      at System.Web.Mvc.Async.AsyncResultWrapper.WrappedAsyncResultBase`1.End()
	      at System.Web.Mvc.Controller.EndExecuteCore(IAsyncResult asyncResult)
	      at System.Web.Mvc.Controller.<BeginExecute>b__15(IAsyncResult asyncResult, Controller controller)
	      at System.Web.Mvc.Async.AsyncResultWrapper.WrappedAsyncVoid`1.CallEndDelegate(IAsyncResult asyncResult)
	      at System.Web.Mvc.Async.AsyncResultWrapper.WrappedAsyncResultBase`1.End()
	      at System.Web.Mvc.Controller.EndExecute(IAsyncResult asyncResult)
	      at System.Web.Mvc.Controller.System.Web.Mvc.Async.IAsyncController.EndExecute(IAsyncResult asyncResult)
	      at System.Web.Mvc.MvcHandler.<BeginProcessRequest>b__5(IAsyncResult asyncResult, ProcessRequestState innerState)
	      at System.Web.Mvc.Async.AsyncResultWrapper.WrappedAsyncVoid`1.CallEndDelegate(IAsyncResult asyncResult)
	      at System.Web.Mvc.Async.AsyncResultWrapper.WrappedAsyncResultBase`1.End()
	      at System.Web.Mvc.MvcHandler.EndProcessRequest(IAsyncResult asyncResult)
	      at System.Web.Mvc.MvcHandler.System.Web.IHttpAsyncHandler.EndProcessRequest(IAsyncResult result)
	      at System.Web.HttpApplication.CallHandlerExecutionStep.System.Web.HttpApplication.IExecutionStep.Execute()
	      at System.Web.HttpApplication.ExecuteStepImpl(IExecutionStep step)
	      at System.Web.HttpApplication.ExecuteStep(IExecutionStep step, Boolean& completedSynchronously)
	------------------------------------------------------------------------------------------


2019-05-21T13:09:13.3222122Z	ErrorId: 2fc3890c-69bd-49a4-ab96-30b2702394bf

	Utc:		2019-05-21T13:09:13.3222122Z
	Machine:	INBLRWIT043838B
	Application:	C:\Program Files (x86)\IIS Express\iisexpress.exe
	System:		Volvo/NVS/POS
	Version:	Vunknown. Build date is unknown
	Description:	-
	Transaction:	-

	Exception stack: 1 level(s)
	------------------------------------------------------------------------------------------

	>> not-null property references a null or transient value Volvo.LAT.POLineDomain.DomainLayer.Entities.PurchaseOrder.InvoiceNumber

	   Type: NHibernate.PropertyValueException
	      at NHibernate.Engine.Nullability.CheckNullability(Object[] values, IEntityPersister persister, Boolean isUpdate)
	      at NHibernate.Event.Default.DefaultFlushEntityEventListener.ScheduleUpdate(FlushEntityEvent event)
	      at NHibernate.Event.Default.DefaultFlushEntityEventListener.OnFlushEntity(FlushEntityEvent event)
	      at NHibernate.Event.Default.AbstractFlushingEventListener.FlushEntities(FlushEvent event)
	      at NHibernate.Event.Default.AbstractFlushingEventListener.FlushEverythingToExecutions(FlushEvent event)
	      at NHibernate.Event.Default.DefaultFlushEventListener.OnFlush(FlushEvent event)
	      at NHibernate.Impl.SessionImpl.Flush()
	      at NHibernate.Transaction.AdoTransaction.Commit()
	      at Volvo.LAT.POLineDomain.InfrastructureLayer.Repositories.POLineRepository.SaveUpdateDetail(POLine pLine, String purchaseOrderComment) in C:\TFS\BA-LAT-IT-P2\Src\NVSComponents\POLineDomain\Infrastructure\InfrastructureLayer\Repositories\POLineRepository.cs:line 119
	      at Volvo.LAT.POLineDomain.DomainLayer.POLineService.SaveUpdateDetail(POLine poLine, String comments) in C:\TFS\BA-LAT-IT-P2\Src\NVSComponents\POLineDomain\Services\DomainLayer\POLineService.cs:line 292
	      at Volvo.LAT.MVCWebUIComponent.Controllers.POLineController.SaveDetail(POLineSaveViewModel pOLineSave) in C:\TFS\BA-LAT-IT-P2\Src\NVSComponents\MVCWebUIComponent\Controllers\POLineController.cs:line 393
	      at lambda_method(Closure , ControllerBase , Object[] )
	      at System.Web.Mvc.ActionMethodDispatcher.Execute(ControllerBase controller, Object[] parameters)
	      at System.Web.Mvc.ReflectedActionDescriptor.Execute(ControllerContext controllerContext, IDictionary`2 parameters)
	      at System.Web.Mvc.ControllerActionInvoker.InvokeActionMethod(ControllerContext controllerContext, ActionDescriptor actionDescriptor, IDictionary`2 parameters)
	      at System.Web.Mvc.Async.AsyncControllerActionInvoker.<BeginInvokeSynchronousActionMethod>b__39(IAsyncResult asyncResult, ActionInvocation innerInvokeState)
	      at System.Web.Mvc.Async.AsyncResultWrapper.WrappedAsyncResult`2.CallEndDelegate(IAsyncResult asyncResult)
	      at System.Web.Mvc.Async.AsyncResultWrapper.WrappedAsyncResultBase`1.End()
	      at System.Web.Mvc.Async.AsyncControllerActionInvoker.EndInvokeActionMethod(IAsyncResult asyncResult)
	      at System.Web.Mvc.Async.AsyncControllerActionInvoker.AsyncInvocationWithFilters.<InvokeActionMethodFilterAsynchronouslyRecursive>b__3d()
	      at System.Web.Mvc.Async.AsyncControllerActionInvoker.AsyncInvocationWithFilters.<>c__DisplayClass46.<InvokeActionMethodFilterAsynchronouslyRecursive>b__3f()
	      at System.Web.Mvc.Async.AsyncControllerActionInvoker.AsyncInvocationWithFilters.<>c__DisplayClass46.<InvokeActionMethodFilterAsynchronouslyRecursive>b__3f()
	      at System.Web.Mvc.Async.AsyncControllerActionInvoker.<>c__DisplayClass33.<BeginInvokeActionMethodWithFilters>b__32(IAsyncResult asyncResult)
	      at System.Web.Mvc.Async.AsyncResultWrapper.WrappedAsyncResult`1.CallEndDelegate(IAsyncResult asyncResult)
	      at System.Web.Mvc.Async.AsyncResultWrapper.WrappedAsyncResultBase`1.End()
	      at System.Web.Mvc.Async.AsyncControllerActionInvoker.EndInvokeActionMethodWithFilters(IAsyncResult asyncResult)
	      at System.Web.Mvc.Async.AsyncControllerActionInvoker.<>c__DisplayClass21.<>c__DisplayClass2b.<BeginInvokeAction>b__1c()
	      at System.Web.Mvc.Async.AsyncControllerActionInvoker.<>c__DisplayClass21.<BeginInvokeAction>b__1e(IAsyncResult asyncResult)
	      at System.Web.Mvc.Async.AsyncResultWrapper.WrappedAsyncResult`1.CallEndDelegate(IAsyncResult asyncResult)
	      at System.Web.Mvc.Async.AsyncResultWrapper.WrappedAsyncResultBase`1.End()
	      at System.Web.Mvc.Async.AsyncControllerActionInvoker.EndInvokeAction(IAsyncResult asyncResult)
	      at System.Web.Mvc.Controller.<BeginExecuteCore>b__1d(IAsyncResult asyncResult, ExecuteCoreState innerState)
	      at System.Web.Mvc.Async.AsyncResultWrapper.WrappedAsyncVoid`1.CallEndDelegate(IAsyncResult asyncResult)
	      at System.Web.Mvc.Async.AsyncResultWrapper.WrappedAsyncResultBase`1.End()
	      at System.Web.Mvc.Controller.EndExecuteCore(IAsyncResult asyncResult)
	      at System.Web.Mvc.Controller.<BeginExecute>b__15(IAsyncResult asyncResult, Controller controller)
	      at System.Web.Mvc.Async.AsyncResultWrapper.WrappedAsyncVoid`1.CallEndDelegate(IAsyncResult asyncResult)
	      at System.Web.Mvc.Async.AsyncResultWrapper.WrappedAsyncResultBase`1.End()
	      at System.Web.Mvc.Controller.EndExecute(IAsyncResult asyncResult)
	      at System.Web.Mvc.Controller.System.Web.Mvc.Async.IAsyncController.EndExecute(IAsyncResult asyncResult)
	      at System.Web.Mvc.MvcHandler.<BeginProcessRequest>b__5(IAsyncResult asyncResult, ProcessRequestState innerState)
	      at System.Web.Mvc.Async.AsyncResultWrapper.WrappedAsyncVoid`1.CallEndDelegate(IAsyncResult asyncResult)
	      at System.Web.Mvc.Async.AsyncResultWrapper.WrappedAsyncResultBase`1.End()
	      at System.Web.Mvc.MvcHandler.EndProcessRequest(IAsyncResult asyncResult)
	      at System.Web.Mvc.MvcHandler.System.Web.IHttpAsyncHandler.EndProcessRequest(IAsyncResult result)
	      at System.Web.HttpApplication.CallHandlerExecutionStep.System.Web.HttpApplication.IExecutionStep.Execute()
	      at System.Web.HttpApplication.ExecuteStepImpl(IExecutionStep step)
	      at System.Web.HttpApplication.ExecuteStep(IExecutionStep step, Boolean& completedSynchronously)
	------------------------------------------------------------------------------------------


2019-05-21T13:55:59.312718Z	ErrorId: 8bbd99e8-d414-4a64-8cb3-89e343b5aea5

	Utc:		2019-05-21T13:55:59.312718Z
	Machine:	INBLRWIT043838B
	Application:	C:\Program Files (x86)\IIS Express\iisexpress.exe
	System:		Volvo/NVS/POS
	Version:	Vunknown. Build date is unknown
	Description:	-
	Transaction:	-

	Exception stack: 1 level(s)
	------------------------------------------------------------------------------------------

	>> not-null property references a null or transient value Volvo.LAT.POLineDomain.DomainLayer.Entities.PurchaseOrder.InvoiceNumber

	   Type: NHibernate.PropertyValueException
	      at NHibernate.Engine.Nullability.CheckNullability(Object[] values, IEntityPersister persister, Boolean isUpdate)
	      at NHibernate.Event.Default.DefaultFlushEntityEventListener.ScheduleUpdate(FlushEntityEvent event)
	      at NHibernate.Event.Default.DefaultFlushEntityEventListener.OnFlushEntity(FlushEntityEvent event)
	      at NHibernate.Event.Default.AbstractFlushingEventListener.FlushEntities(FlushEvent event)
	      at NHibernate.Event.Default.AbstractFlushingEventListener.FlushEverythingToExecutions(FlushEvent event)
	      at NHibernate.Event.Default.DefaultFlushEventListener.OnFlush(FlushEvent event)
	      at NHibernate.Impl.SessionImpl.Flush()
	      at NHibernate.Transaction.AdoTransaction.Commit()
	      at Volvo.LAT.POLineDomain.InfrastructureLayer.Repositories.POLineRepository.SaveUpdateDetail(POLine pLine, String purchaseOrderComment) in C:\TFS\BA-LAT-IT-P2\Src\NVSComponents\POLineDomain\Infrastructure\InfrastructureLayer\Repositories\POLineRepository.cs:line 120
	      at Volvo.LAT.POLineDomain.DomainLayer.POLineService.SaveUpdateDetail(POLine poLine, String comments) in C:\TFS\BA-LAT-IT-P2\Src\NVSComponents\POLineDomain\Services\DomainLayer\POLineService.cs:line 292
	      at Volvo.LAT.MVCWebUIComponent.Controllers.POLineController.SaveDetail(POLineSaveViewModel pOLineSave) in C:\TFS\BA-LAT-IT-P2\Src\NVSComponents\MVCWebUIComponent\Controllers\POLineController.cs:line 393
	      at lambda_method(Closure , ControllerBase , Object[] )
	      at System.Web.Mvc.ActionMethodDispatcher.Execute(ControllerBase controller, Object[] parameters)
	      at System.Web.Mvc.ReflectedActionDescriptor.Execute(ControllerContext controllerContext, IDictionary`2 parameters)
	      at System.Web.Mvc.ControllerActionInvoker.InvokeActionMethod(ControllerContext controllerContext, ActionDescriptor actionDescriptor, IDictionary`2 parameters)
	      at System.Web.Mvc.Async.AsyncControllerActionInvoker.<BeginInvokeSynchronousActionMethod>b__39(IAsyncResult asyncResult, ActionInvocation innerInvokeState)
	      at System.Web.Mvc.Async.AsyncResultWrapper.WrappedAsyncResult`2.CallEndDelegate(IAsyncResult asyncResult)
	      at System.Web.Mvc.Async.AsyncResultWrapper.WrappedAsyncResultBase`1.End()
	      at System.Web.Mvc.Async.AsyncControllerActionInvoker.EndInvokeActionMethod(IAsyncResult asyncResult)
	      at System.Web.Mvc.Async.AsyncControllerActionInvoker.AsyncInvocationWithFilters.<InvokeActionMethodFilterAsynchronouslyRecursive>b__3d()
	      at System.Web.Mvc.Async.AsyncControllerActionInvoker.AsyncInvocationWithFilters.<>c__DisplayClass46.<InvokeActionMethodFilterAsynchronouslyRecursive>b__3f()
	      at System.Web.Mvc.Async.AsyncControllerActionInvoker.AsyncInvocationWithFilters.<>c__DisplayClass46.<InvokeActionMethodFilterAsynchronouslyRecursive>b__3f()
	      at System.Web.Mvc.Async.AsyncControllerActionInvoker.<>c__DisplayClass33.<BeginInvokeActionMethodWithFilters>b__32(IAsyncResult asyncResult)
	      at System.Web.Mvc.Async.AsyncResultWrapper.WrappedAsyncResult`1.CallEndDelegate(IAsyncResult asyncResult)
	      at System.Web.Mvc.Async.AsyncResultWrapper.WrappedAsyncResultBase`1.End()
	      at System.Web.Mvc.Async.AsyncControllerActionInvoker.EndInvokeActionMethodWithFilters(IAsyncResult asyncResult)
	      at System.Web.Mvc.Async.AsyncControllerActionInvoker.<>c__DisplayClass21.<>c__DisplayClass2b.<BeginInvokeAction>b__1c()
	      at System.Web.Mvc.Async.AsyncControllerActionInvoker.<>c__DisplayClass21.<BeginInvokeAction>b__1e(IAsyncResult asyncResult)
	      at System.Web.Mvc.Async.AsyncResultWrapper.WrappedAsyncResult`1.CallEndDelegate(IAsyncResult asyncResult)
	      at System.Web.Mvc.Async.AsyncResultWrapper.WrappedAsyncResultBase`1.End()
	      at System.Web.Mvc.Async.AsyncControllerActionInvoker.EndInvokeAction(IAsyncResult asyncResult)
	      at System.Web.Mvc.Controller.<BeginExecuteCore>b__1d(IAsyncResult asyncResult, ExecuteCoreState innerState)
	      at System.Web.Mvc.Async.AsyncResultWrapper.WrappedAsyncVoid`1.CallEndDelegate(IAsyncResult asyncResult)
	      at System.Web.Mvc.Async.AsyncResultWrapper.WrappedAsyncResultBase`1.End()
	      at System.Web.Mvc.Controller.EndExecuteCore(IAsyncResult asyncResult)
	      at System.Web.Mvc.Controller.<BeginExecute>b__15(IAsyncResult asyncResult, Controller controller)
	      at System.Web.Mvc.Async.AsyncResultWrapper.WrappedAsyncVoid`1.CallEndDelegate(IAsyncResult asyncResult)
	      at System.Web.Mvc.Async.AsyncResultWrapper.WrappedAsyncResultBase`1.End()
	      at System.Web.Mvc.Controller.EndExecute(IAsyncResult asyncResult)
	      at System.Web.Mvc.Controller.System.Web.Mvc.Async.IAsyncController.EndExecute(IAsyncResult asyncResult)
	      at System.Web.Mvc.MvcHandler.<BeginProcessRequest>b__5(IAsyncResult asyncResult, ProcessRequestState innerState)
	      at System.Web.Mvc.Async.AsyncResultWrapper.WrappedAsyncVoid`1.CallEndDelegate(IAsyncResult asyncResult)
	      at System.Web.Mvc.Async.AsyncResultWrapper.WrappedAsyncResultBase`1.End()
	      at System.Web.Mvc.MvcHandler.EndProcessRequest(IAsyncResult asyncResult)
	      at System.Web.Mvc.MvcHandler.System.Web.IHttpAsyncHandler.EndProcessRequest(IAsyncResult result)
	      at System.Web.HttpApplication.CallHandlerExecutionStep.System.Web.HttpApplication.IExecutionStep.Execute()
	      at System.Web.HttpApplication.ExecuteStepImpl(IExecutionStep step)
	      at System.Web.HttpApplication.ExecuteStep(IExecutionStep step, Boolean& completedSynchronously)
	------------------------------------------------------------------------------------------


