2019-04-02T19:27:05.4076186Z	ErrorId: 78106d68-5dc7-46ec-9384-92369e477c48

	Utc:		2019-04-02T19:27:05.4076186Z
	Machine:	DESKTOP-EJ5OVBG
	Application:	C:\Program Files (x86)\IIS Express\iisexpress.exe
	System:		Volvo/NVS/POS
	Version:	Vunknown. Build date is unknown
	Description:	-
	Transaction:	-

	Exception stack: 1 level(s)
	------------------------------------------------------------------------------------------

	>> A network-related or instance-specific error occurred while establishing a connection to SQL Server. The server was not found or was not accessible. Verify that the instance name is correct and that SQL Server is configured to allow remote connections. (provider: SQL Network Interfaces, error: 26 - Error Locating Server/Instance Specified)

	   Type: System.Data.SqlClient.SqlException
	      at System.Data.SqlClient.SqlInternalConnectionTds..ctor(DbConnectionPoolIdentity identity, SqlConnectionString connectionOptions, SqlCredential credential, Object providerInfo, String newPassword, SecureString newSecurePassword, Boolean redirectedUserInstance, SqlConnectionString userConnectionOptions, SessionData reconnectSessionData, DbConnectionPool pool, String accessToken, Boolean applyTransientFaultHandling, SqlAuthenticationProviderManager sqlAuthProviderManager)
	      at System.Data.SqlClient.SqlConnectionFactory.CreateConnection(DbConnectionOptions options, DbConnectionPoolKey poolKey, Object poolGroupProviderInfo, DbConnectionPool pool, DbConnection owningConnection, DbConnectionOptions userOptions)
	      at System.Data.ProviderBase.DbConnectionFactory.CreatePooledConnection(DbConnectionPool pool, DbConnection owningObject, DbConnectionOptions options, DbConnectionPoolKey poolKey, DbConnectionOptions userOptions)
	      at System.Data.ProviderBase.DbConnectionPool.CreateObject(DbConnection owningObject, DbConnectionOptions userOptions, DbConnectionInternal oldConnection)
	      at System.Data.ProviderBase.DbConnectionPool.UserCreateRequest(DbConnection owningObject, DbConnectionOptions userOptions, DbConnectionInternal oldConnection)
	      at System.Data.ProviderBase.DbConnectionPool.TryGetConnection(DbConnection owningObject, UInt32 waitForMultipleObjectsTimeout, Boolean allowCreate, Boolean onlyOneCheckConnection, DbConnectionOptions userOptions, DbConnectionInternal& connection)
	      at System.Data.ProviderBase.DbConnectionPool.TryGetConnection(DbConnection owningObject, TaskCompletionSource`1 retry, DbConnectionOptions userOptions, DbConnectionInternal& connection)
	      at System.Data.ProviderBase.DbConnectionFactory.TryGetConnection(DbConnection owningConnection, TaskCompletionSource`1 retry, DbConnectionOptions userOptions, DbConnectionInternal oldConnection, DbConnectionInternal& connection)
	      at System.Data.ProviderBase.DbConnectionInternal.TryOpenConnectionInternal(DbConnection outerConnection, DbConnectionFactory connectionFactory, TaskCompletionSource`1 retry, DbConnectionOptions userOptions)
	      at System.Data.ProviderBase.DbConnectionClosed.TryOpenConnection(DbConnection outerConnection, DbConnectionFactory connectionFactory, TaskCompletionSource`1 retry, DbConnectionOptions userOptions)
	      at System.Data.SqlClient.SqlConnection.TryOpenInner(TaskCompletionSource`1 retry)
	      at System.Data.SqlClient.SqlConnection.TryOpen(TaskCompletionSource`1 retry)
	      at System.Data.SqlClient.SqlConnection.Open()
	      at NHibernate.Connection.DriverConnectionProvider.GetConnection()
	      at NHibernate.Tool.hbm2ddl.SuppliedConnectionProviderConnectionHelper.Prepare()
	      at NHibernate.Tool.hbm2ddl.SchemaMetadataUpdater.GetReservedWords(Dialect dialect, IConnectionHelper connectionHelper)
	      at NHibernate.Tool.hbm2ddl.SchemaMetadataUpdater.Update(ISessionFactory sessionFactory)
	      at NHibernate.Impl.SessionFactoryImpl..ctor(Configuration cfg, IMapping mapping, Settings settings, EventListeners listeners)
	      at NHibernate.Cfg.Configuration.BuildSessionFactory()
	      at Volvo.NVS.Persistence.NHibernate.Repositories.SessionProvider.<>c__DisplayClass1_1.<GetOrAddSessionFactory>b__1()
	      at System.Lazy`1.CreateValue()
	      at System.Lazy`1.LazyInitValue()
	      at System.Lazy`1.get_Value()
	      at Volvo.NVS.Persistence.NHibernate.Repositories.SessionProvider.GetOrAddSessionFactory(String name, Configuration existingConfiguration)
	      at Volvo.NVS.Persistence.NHibernate.SessionHandling.NHibernateSessionContext..ctor(String sessionName)
	      at Volvo.LAT.UserDomain.DomainLayer.UserService.CompleteClaims(IClaimsService service, DateTime contextTimestamp) in C:\Users\Bikram Singh\Downloads\Src\NVSComponents\UserDomain\Services\DomainLayer\UserService.Claims.cs:line 62
	      at Volvo.NVS.Security.Handlers.AuthenticationHandler.CompleteClaims(IClaimsService service)
	      at Volvo.NVS.Security.Handlers.AuthenticationHandler.PostAuthenticate()
	      at Volvo.NVS.Security.SystemWeb.Modules.AuthenticationHttpModule`1.PostAuthenticateRequest(Object sender, EventArgs e)
	      at System.Web.HttpApplication.SyncEventExecutionStep.System.Web.HttpApplication.IExecutionStep.Execute()
	      at System.Web.HttpApplication.ExecuteStepImpl(IExecutionStep step)
	      at System.Web.HttpApplication.ExecuteStep(IExecutionStep step, Boolean& completedSynchronously)
	------------------------------------------------------------------------------------------


2019-04-03T15:02:06.4468934Z	ErrorId: 4542c40f-3879-4fb0-8ecc-5d08759f1a58

	Utc:		2019-04-03T15:02:06.4468934Z
	Machine:	DESKTOP-EJ5OVBG
	Application:	C:\Program Files (x86)\IIS Express\iisexpress.exe
	System:		Volvo/NVS/POS
	Version:	Vunknown. Build date is unknown
	Description:	-
	Transaction:	-

	Exception stack: 1 level(s)
	------------------------------------------------------------------------------------------

	>> A space or line break was encountered after the "@" character.  Only valid identifiers, keywords, comments, "(" and "{" are valid at the start of a code block and they must occur immediately following "@" with no space in between.

	   Type: System.Web.HttpParseException
	      at System.Web.WebPages.Razor.RazorBuildProvider.EnsureGeneratedCode()
	      at System.Web.WebPages.Razor.RazorBuildProvider.get_CodeCompilerType()
	      at System.Web.Compilation.BuildProvider.GetCompilerTypeFromBuildProvider(BuildProvider buildProvider)
	      at System.Web.Compilation.BuildProvidersCompiler.ProcessBuildProviders()
	      at System.Web.Compilation.BuildProvidersCompiler.PerformBuild()
	      at System.Web.Compilation.BuildManager.CompileWebFile(VirtualPath virtualPath)
	      at System.Web.Compilation.BuildManager.GetVPathBuildResultInternal(VirtualPath virtualPath, Boolean noBuild, Boolean allowCrossApp, Boolean allowBuildInPrecompile, Boolean throwIfNotFound, Boolean ensureIsUpToDate)
	      at System.Web.Compilation.BuildManager.GetVPathBuildResultWithNoAssert(HttpContext context, VirtualPath virtualPath, Boolean noBuild, Boolean allowCrossApp, Boolean allowBuildInPrecompile, Boolean throwIfNotFound, Boolean ensureIsUpToDate)
	      at System.Web.Compilation.BuildManager.GetVirtualPathObjectFactory(VirtualPath virtualPath, HttpContext context, Boolean allowCrossApp, Boolean throwIfNotFound)
	      at System.Web.Compilation.BuildManager.GetCompiledType(VirtualPath virtualPath)
	      at System.Web.Compilation.BuildManager.GetCompiledType(String virtualPath)
	      at System.Web.Mvc.BuildManagerWrapper.System.Web.Mvc.IBuildManager.GetCompiledType(String virtualPath)
	      at System.Web.Mvc.BuildManagerCompiledView.Render(ViewContext viewContext, TextWriter writer)
	      at System.Web.Mvc.HtmlHelper.RenderPartialInternal(String partialViewName, ViewDataDictionary viewData, Object model, TextWriter writer, ViewEngineCollection viewEngineCollection)
	      at System.Web.Mvc.Html.PartialExtensions.Partial(HtmlHelper htmlHelper, String partialViewName, Object model, ViewDataDictionary viewData)
	      at System.Web.Mvc.Html.PartialExtensions.Partial(HtmlHelper htmlHelper, String partialViewName)
	      at ASP._Page_Views_Home_Index_cshtml.Execute() in c:\Users\Bikram Singh\Downloads\Src\NVSComponents\MVCWebUIComponent\Views\Home\Index.cshtml:line 11
	      at System.Web.WebPages.WebPageBase.ExecutePageHierarchy()
	      at System.Web.Mvc.WebViewPage.ExecutePageHierarchy()
	      at System.Web.WebPages.StartPage.RunPage()
	      at System.Web.WebPages.StartPage.ExecutePageHierarchy()
	      at System.Web.WebPages.WebPageBase.ExecutePageHierarchy(WebPageContext pageContext, TextWriter writer, WebPageRenderingBase startPage)
	      at System.Web.Mvc.RazorView.RenderView(ViewContext viewContext, TextWriter writer, Object instance)
	      at System.Web.Mvc.BuildManagerCompiledView.Render(ViewContext viewContext, TextWriter writer)
	      at System.Web.Mvc.ViewResultBase.ExecuteResult(ControllerContext context)
	      at System.Web.Mvc.ControllerActionInvoker.InvokeActionResult(ControllerContext controllerContext, ActionResult actionResult)
	      at System.Web.Mvc.ControllerActionInvoker.InvokeActionResultFilterRecursive(IList`1 filters, Int32 filterIndex, ResultExecutingContext preContext, ControllerContext controllerContext, ActionResult actionResult)
	      at System.Web.Mvc.ControllerActionInvoker.InvokeActionResultFilterRecursive(IList`1 filters, Int32 filterIndex, ResultExecutingContext preContext, ControllerContext controllerContext, ActionResult actionResult)
	      at System.Web.Mvc.ControllerActionInvoker.InvokeActionResultWithFilters(ControllerContext controllerContext, IList`1 filters, ActionResult actionResult)
	      at System.Web.Mvc.Async.AsyncControllerActionInvoker.<>c__DisplayClass21.<>c__DisplayClass2b.<BeginInvokeAction>b__1c()
	      at System.Web.Mvc.Async.AsyncControllerActionInvoker.<>c__DisplayClass21.<BeginInvokeAction>b__1e(IAsyncResult asyncResult)
	      at System.Web.Mvc.Async.AsyncResultWrapper.WrappedAsyncResult`1.CallEndDelegate(IAsyncResult asyncResult)
	      at System.Web.Mvc.Async.AsyncResultWrapper.WrappedAsyncResultBase`1.End()
	      at System.Web.Mvc.Async.AsyncControllerActionInvoker.EndInvokeAction(IAsyncResult asyncResult)
	      at System.Web.Mvc.Controller.<BeginExecuteCore>b__1d(IAsyncResult asyncResult, ExecuteCoreState innerState)
	      at System.Web.Mvc.Async.AsyncResultWrapper.WrappedAsyncVoid`1.CallEndDelegate(IAsyncResult asyncResult)
	      at System.Web.Mvc.Async.AsyncResultWrapper.WrappedAsyncResultBase`1.End()
	      at System.Web.Mvc.Controller.EndExecuteCore(IAsyncResult asyncResult)
	      at System.Web.Mvc.Controller.<BeginExecute>b__15(IAsyncResult asyncResult, Controller controller)
	      at System.Web.Mvc.Async.AsyncResultWrapper.WrappedAsyncVoid`1.CallEndDelegate(IAsyncResult asyncResult)
	      at System.Web.Mvc.Async.AsyncResultWrapper.WrappedAsyncResultBase`1.End()
	      at System.Web.Mvc.Controller.EndExecute(IAsyncResult asyncResult)
	      at System.Web.Mvc.Controller.System.Web.Mvc.Async.IAsyncController.EndExecute(IAsyncResult asyncResult)
	      at System.Web.Mvc.MvcHandler.<BeginProcessRequest>b__5(IAsyncResult asyncResult, ProcessRequestState innerState)
	      at System.Web.Mvc.Async.AsyncResultWrapper.WrappedAsyncVoid`1.CallEndDelegate(IAsyncResult asyncResult)
	      at System.Web.Mvc.Async.AsyncResultWrapper.WrappedAsyncResultBase`1.End()
	      at System.Web.Mvc.MvcHandler.EndProcessRequest(IAsyncResult asyncResult)
	      at System.Web.Mvc.MvcHandler.System.Web.IHttpAsyncHandler.EndProcessRequest(IAsyncResult result)
	      at System.Web.HttpApplication.CallHandlerExecutionStep.System.Web.HttpApplication.IExecutionStep.Execute()
	      at System.Web.HttpApplication.ExecuteStepImpl(IExecutionStep step)
	      at System.Web.HttpApplication.ExecuteStep(IExecutionStep step, Boolean& completedSynchronously)
	------------------------------------------------------------------------------------------


2019-04-03T15:02:16.3943778Z	ErrorId: 42aee523-88c5-4cc2-9fb1-556ea1756340

	Utc:		2019-04-03T15:02:16.3943778Z
	Machine:	DESKTOP-EJ5OVBG
	Application:	C:\Program Files (x86)\IIS Express\iisexpress.exe
	System:		Volvo/NVS/POS
	Version:	Vunknown. Build date is unknown
	Description:	-
	Transaction:	-

	Exception stack: 1 level(s)
	------------------------------------------------------------------------------------------

	>> A space or line break was encountered after the "@" character.  Only valid identifiers, keywords, comments, "(" and "{" are valid at the start of a code block and they must occur immediately following "@" with no space in between.

	   Type: System.Web.HttpParseException
	      at System.Web.WebPages.Razor.RazorBuildProvider.EnsureGeneratedCode()
	      at System.Web.WebPages.Razor.RazorBuildProvider.get_CodeCompilerType()
	      at System.Web.Compilation.BuildProvider.GetCompilerTypeFromBuildProvider(BuildProvider buildProvider)
	      at System.Web.Compilation.BuildProvidersCompiler.ProcessBuildProviders()
	      at System.Web.Compilation.BuildProvidersCompiler.PerformBuild()
	      at System.Web.Compilation.BuildManager.CompileWebFile(VirtualPath virtualPath)
	      at System.Web.Compilation.BuildManager.GetVPathBuildResultInternal(VirtualPath virtualPath, Boolean noBuild, Boolean allowCrossApp, Boolean allowBuildInPrecompile, Boolean throwIfNotFound, Boolean ensureIsUpToDate)
	      at System.Web.Compilation.BuildManager.GetVPathBuildResultWithNoAssert(HttpContext context, VirtualPath virtualPath, Boolean noBuild, Boolean allowCrossApp, Boolean allowBuildInPrecompile, Boolean throwIfNotFound, Boolean ensureIsUpToDate)
	      at System.Web.Compilation.BuildManager.GetVirtualPathObjectFactory(VirtualPath virtualPath, HttpContext context, Boolean allowCrossApp, Boolean throwIfNotFound)
	      at System.Web.Compilation.BuildManager.GetCompiledType(VirtualPath virtualPath)
	      at System.Web.Compilation.BuildManager.GetCompiledType(String virtualPath)
	      at System.Web.Mvc.BuildManagerWrapper.System.Web.Mvc.IBuildManager.GetCompiledType(String virtualPath)
	      at System.Web.Mvc.BuildManagerCompiledView.Render(ViewContext viewContext, TextWriter writer)
	      at System.Web.Mvc.HtmlHelper.RenderPartialInternal(String partialViewName, ViewDataDictionary viewData, Object model, TextWriter writer, ViewEngineCollection viewEngineCollection)
	      at System.Web.Mvc.Html.PartialExtensions.Partial(HtmlHelper htmlHelper, String partialViewName, Object model, ViewDataDictionary viewData)
	      at System.Web.Mvc.Html.PartialExtensions.Partial(HtmlHelper htmlHelper, String partialViewName)
	      at ASP._Page_Views_Home_Index_cshtml.Execute() in c:\Users\Bikram Singh\Downloads\Src\NVSComponents\MVCWebUIComponent\Views\Home\Index.cshtml:line 11
	      at System.Web.WebPages.WebPageBase.ExecutePageHierarchy()
	      at System.Web.Mvc.WebViewPage.ExecutePageHierarchy()
	      at System.Web.WebPages.StartPage.RunPage()
	      at System.Web.WebPages.StartPage.ExecutePageHierarchy()
	      at System.Web.WebPages.WebPageBase.ExecutePageHierarchy(WebPageContext pageContext, TextWriter writer, WebPageRenderingBase startPage)
	      at System.Web.Mvc.RazorView.RenderView(ViewContext viewContext, TextWriter writer, Object instance)
	      at System.Web.Mvc.BuildManagerCompiledView.Render(ViewContext viewContext, TextWriter writer)
	      at System.Web.Mvc.ViewResultBase.ExecuteResult(ControllerContext context)
	      at System.Web.Mvc.ControllerActionInvoker.InvokeActionResult(ControllerContext controllerContext, ActionResult actionResult)
	      at System.Web.Mvc.ControllerActionInvoker.InvokeActionResultFilterRecursive(IList`1 filters, Int32 filterIndex, ResultExecutingContext preContext, ControllerContext controllerContext, ActionResult actionResult)
	      at System.Web.Mvc.ControllerActionInvoker.InvokeActionResultFilterRecursive(IList`1 filters, Int32 filterIndex, ResultExecutingContext preContext, ControllerContext controllerContext, ActionResult actionResult)
	      at System.Web.Mvc.ControllerActionInvoker.InvokeActionResultWithFilters(ControllerContext controllerContext, IList`1 filters, ActionResult actionResult)
	      at System.Web.Mvc.Async.AsyncControllerActionInvoker.<>c__DisplayClass21.<>c__DisplayClass2b.<BeginInvokeAction>b__1c()
	      at System.Web.Mvc.Async.AsyncControllerActionInvoker.<>c__DisplayClass21.<BeginInvokeAction>b__1e(IAsyncResult asyncResult)
	      at System.Web.Mvc.Async.AsyncResultWrapper.WrappedAsyncResult`1.CallEndDelegate(IAsyncResult asyncResult)
	      at System.Web.Mvc.Async.AsyncResultWrapper.WrappedAsyncResultBase`1.End()
	      at System.Web.Mvc.Async.AsyncControllerActionInvoker.EndInvokeAction(IAsyncResult asyncResult)
	      at System.Web.Mvc.Controller.<BeginExecuteCore>b__1d(IAsyncResult asyncResult, ExecuteCoreState innerState)
	      at System.Web.Mvc.Async.AsyncResultWrapper.WrappedAsyncVoid`1.CallEndDelegate(IAsyncResult asyncResult)
	      at System.Web.Mvc.Async.AsyncResultWrapper.WrappedAsyncResultBase`1.End()
	      at System.Web.Mvc.Controller.EndExecuteCore(IAsyncResult asyncResult)
	      at System.Web.Mvc.Controller.<BeginExecute>b__15(IAsyncResult asyncResult, Controller controller)
	      at System.Web.Mvc.Async.AsyncResultWrapper.WrappedAsyncVoid`1.CallEndDelegate(IAsyncResult asyncResult)
	      at System.Web.Mvc.Async.AsyncResultWrapper.WrappedAsyncResultBase`1.End()
	      at System.Web.Mvc.Controller.EndExecute(IAsyncResult asyncResult)
	      at System.Web.Mvc.Controller.System.Web.Mvc.Async.IAsyncController.EndExecute(IAsyncResult asyncResult)
	      at System.Web.Mvc.MvcHandler.<BeginProcessRequest>b__5(IAsyncResult asyncResult, ProcessRequestState innerState)
	      at System.Web.Mvc.Async.AsyncResultWrapper.WrappedAsyncVoid`1.CallEndDelegate(IAsyncResult asyncResult)
	      at System.Web.Mvc.Async.AsyncResultWrapper.WrappedAsyncResultBase`1.End()
	      at System.Web.Mvc.MvcHandler.EndProcessRequest(IAsyncResult asyncResult)
	      at System.Web.Mvc.MvcHandler.System.Web.IHttpAsyncHandler.EndProcessRequest(IAsyncResult result)
	      at System.Web.HttpApplication.CallHandlerExecutionStep.System.Web.HttpApplication.IExecutionStep.Execute()
	      at System.Web.HttpApplication.ExecuteStepImpl(IExecutionStep step)
	      at System.Web.HttpApplication.ExecuteStep(IExecutionStep step, Boolean& completedSynchronously)
	------------------------------------------------------------------------------------------


2019-04-03T15:21:44.8399896Z	ErrorId: 4a895400-0eb0-4204-bc40-b590c336389c

	Utc:		2019-04-03T15:21:44.8399896Z
	Machine:	DESKTOP-EJ5OVBG
	Application:	C:\Program Files (x86)\IIS Express\iisexpress.exe
	System:		Volvo/NVS/POS
	Version:	Vunknown. Build date is unknown
	Description:	-
	Transaction:	-

	Exception stack: 2 level(s)
	------------------------------------------------------------------------------------------

	>> The transaction has aborted.

	   Type: System.Transactions.TransactionAbortedException
	      at System.Transactions.TransactionStateAborted.EndCommit(InternalTransaction tx)
	      at System.Transactions.CommittableTransaction.Commit()
	      at System.Transactions.TransactionScope.InternalDispose()
	      at System.Transactions.TransactionScope.Dispose()
	      at Volvo.LAT.UserDomain.DomainLayer.UserService.UpdateUser(User user) in C:\Users\Bikram Singh\Downloads\Src\NVSComponents\UserDomain\Services\DomainLayer\UserService.cs:line 234
	      at Volvo.LAT.UserDomain.DomainLayer.UserService.SaveUserLoginTime() in C:\Users\Bikram Singh\Downloads\Src\NVSComponents\UserDomain\Services\DomainLayer\UserService.cs:line 210
	      at Volvo.LAT.MVCWebUIComponent.MvcApplication.Session_Start(Object sender, EventArgs e) in C:\Users\Bikram Singh\Downloads\Src\NVSComponents\MVCWebUIComponent\Global.asax.cs:line 104
	      at System.Web.SessionState.SessionStateModule.RaiseOnStart(EventArgs e)
	      at System.Web.SessionState.SessionStateModule.CompleteAcquireState()
	      at System.Web.SessionState.SessionStateModule.BeginAcquireState(Object source, EventArgs e, AsyncCallback cb, Object extraData)
	      at System.Web.HttpApplication.AsyncEventExecutionStep.System.Web.HttpApplication.IExecutionStep.Execute()
	      at System.Web.HttpApplication.ExecuteStepImpl(IExecutionStep step)
	      at System.Web.HttpApplication.ExecuteStep(IExecutionStep step, Boolean& completedSynchronously)
	------------------------------------------------------------------------------------------

		>> Row was updated or deleted by another transaction (or unsaved-value mapping was incorrect): [Volvo.LAT.UserDomain.DomainLayer.Entities.User#202]

		   Type: NHibernate.StaleObjectStateException
		      at NHibernate.Persister.Entity.AbstractEntityPersister.Update(Object id, Object[] fields, Object[] oldFields, Object rowId, Boolean[] includeProperty, Int32 j, Object oldVersion, Object obj, SqlCommandInfo sql, ISessionImplementor session)
		      at NHibernate.Persister.Entity.AbstractEntityPersister.UpdateOrInsert(Object id, Object[] fields, Object[] oldFields, Object rowId, Boolean[] includeProperty, Int32 j, Object oldVersion, Object obj, SqlCommandInfo sql, ISessionImplementor session)
		      at NHibernate.Persister.Entity.AbstractEntityPersister.Update(Object id, Object[] fields, Int32[] dirtyFields, Boolean hasDirtyCollection, Object[] oldFields, Object oldVersion, Object obj, Object rowId, ISessionImplementor session)
		      at NHibernate.Action.EntityUpdateAction.Execute()
		      at NHibernate.Engine.ActionQueue.Execute(IExecutable executable)
		      at NHibernate.Engine.ActionQueue.ExecuteActions(IList list)
		      at NHibernate.Engine.ActionQueue.ExecuteActions()
		      at NHibernate.Event.Default.AbstractFlushingEventListener.PerformExecutions(IEventSource session)
		      at NHibernate.Event.Default.DefaultFlushEventListener.OnFlush(FlushEvent event)
		      at NHibernate.Impl.SessionImpl.Flush()
		      at NHibernate.Transaction.AdoNetWithDistributedTransactionFactory.DistributedTransactionContext.System.Transactions.IEnlistmentNotification.Prepare(PreparingEnlistment preparingEnlistment)
		------------------------------------------------------------------------------------------


2019-04-03T15:49:29.7061962Z	ErrorId: ec4d2b83-1434-46c5-92f9-d3af7add3df2

	Utc:		2019-04-03T15:49:29.7061962Z
	Machine:	DESKTOP-EJ5OVBG
	Application:	C:\Program Files (x86)\IIS Express\iisexpress.exe
	System:		Volvo/NVS/POS
	Version:	Vunknown. Build date is unknown
	Description:	-
	Transaction:	-

	Exception stack: 2 level(s)
	------------------------------------------------------------------------------------------

	>> Exception has been thrown by the target of an invocation.

	   Type: System.Reflection.TargetInvocationException
	      at System.RuntimeMethodHandle.InvokeMethod(Object target, Object[] arguments, Signature sig, Boolean constructor)
	      at System.Reflection.RuntimeMethodInfo.UnsafeInvokeInternal(Object obj, Object[] parameters, Object[] arguments)
	      at System.Reflection.RuntimeMethodInfo.Invoke(Object obj, BindingFlags invokeAttr, Binder binder, Object[] parameters, CultureInfo culture)
	      at System.Web.SecurityUtils.MethodInfoInvoke(MethodInfo method, Object target, Object[] args)
	      at System.Web.Script.Serialization.JavaScriptSerializer.SerializeCustomObject(Object o, StringBuilder sb, Int32 depth, Hashtable objectsInUse, SerializationFormat serializationFormat)
	      at System.Web.Script.Serialization.JavaScriptSerializer.SerializeValueInternal(Object o, StringBuilder sb, Int32 depth, Hashtable objectsInUse, SerializationFormat serializationFormat, MemberInfo currentMember)
	      at System.Web.Script.Serialization.JavaScriptSerializer.SerializeValue(Object o, StringBuilder sb, Int32 depth, Hashtable objectsInUse, SerializationFormat serializationFormat, MemberInfo currentMember)
	      at System.Web.Script.Serialization.JavaScriptSerializer.SerializeCustomObject(Object o, StringBuilder sb, Int32 depth, Hashtable objectsInUse, SerializationFormat serializationFormat)
	      at System.Web.Script.Serialization.JavaScriptSerializer.SerializeValueInternal(Object o, StringBuilder sb, Int32 depth, Hashtable objectsInUse, SerializationFormat serializationFormat, MemberInfo currentMember)
	      at System.Web.Script.Serialization.JavaScriptSerializer.SerializeValue(Object o, StringBuilder sb, Int32 depth, Hashtable objectsInUse, SerializationFormat serializationFormat, MemberInfo currentMember)
	      at System.Web.Script.Serialization.JavaScriptSerializer.SerializeEnumerable(IEnumerable enumerable, StringBuilder sb, Int32 depth, Hashtable objectsInUse, SerializationFormat serializationFormat)
	      at System.Web.Script.Serialization.JavaScriptSerializer.SerializeValueInternal(Object o, StringBuilder sb, Int32 depth, Hashtable objectsInUse, SerializationFormat serializationFormat, MemberInfo currentMember)
	      at System.Web.Script.Serialization.JavaScriptSerializer.SerializeValue(Object o, StringBuilder sb, Int32 depth, Hashtable objectsInUse, SerializationFormat serializationFormat, MemberInfo currentMember)
	      at System.Web.Script.Serialization.JavaScriptSerializer.SerializeCustomObject(Object o, StringBuilder sb, Int32 depth, Hashtable objectsInUse, SerializationFormat serializationFormat)
	      at System.Web.Script.Serialization.JavaScriptSerializer.SerializeValueInternal(Object o, StringBuilder sb, Int32 depth, Hashtable objectsInUse, SerializationFormat serializationFormat, MemberInfo currentMember)
	      at System.Web.Script.Serialization.JavaScriptSerializer.SerializeValue(Object o, StringBuilder sb, Int32 depth, Hashtable objectsInUse, SerializationFormat serializationFormat, MemberInfo currentMember)
	      at System.Web.Script.Serialization.JavaScriptSerializer.Serialize(Object obj, StringBuilder output, SerializationFormat serializationFormat)
	      at System.Web.Script.Serialization.JavaScriptSerializer.Serialize(Object obj, SerializationFormat serializationFormat)
	      at System.Web.Mvc.JsonResult.ExecuteResult(ControllerContext context)
	      at System.Web.Mvc.ControllerActionInvoker.InvokeActionResult(ControllerContext controllerContext, ActionResult actionResult)
	      at System.Web.Mvc.ControllerActionInvoker.InvokeActionResultFilterRecursive(IList`1 filters, Int32 filterIndex, ResultExecutingContext preContext, ControllerContext controllerContext, ActionResult actionResult)
	      at System.Web.Mvc.ControllerActionInvoker.InvokeActionResultFilterRecursive(IList`1 filters, Int32 filterIndex, ResultExecutingContext preContext, ControllerContext controllerContext, ActionResult actionResult)
	      at System.Web.Mvc.ControllerActionInvoker.InvokeActionResultWithFilters(ControllerContext controllerContext, IList`1 filters, ActionResult actionResult)
	      at System.Web.Mvc.Async.AsyncControllerActionInvoker.<>c__DisplayClass21.<>c__DisplayClass2b.<BeginInvokeAction>b__1c()
	      at System.Web.Mvc.Async.AsyncControllerActionInvoker.<>c__DisplayClass21.<BeginInvokeAction>b__1e(IAsyncResult asyncResult)
	      at System.Web.Mvc.Async.AsyncResultWrapper.WrappedAsyncResult`1.CallEndDelegate(IAsyncResult asyncResult)
	      at System.Web.Mvc.Async.AsyncResultWrapper.WrappedAsyncResultBase`1.End()
	      at System.Web.Mvc.Async.AsyncControllerActionInvoker.EndInvokeAction(IAsyncResult asyncResult)
	      at System.Web.Mvc.Controller.<BeginExecuteCore>b__1d(IAsyncResult asyncResult, ExecuteCoreState innerState)
	      at System.Web.Mvc.Async.AsyncResultWrapper.WrappedAsyncVoid`1.CallEndDelegate(IAsyncResult asyncResult)
	      at System.Web.Mvc.Async.AsyncResultWrapper.WrappedAsyncResultBase`1.End()
	      at System.Web.Mvc.Controller.EndExecuteCore(IAsyncResult asyncResult)
	      at System.Web.Mvc.Controller.<BeginExecute>b__15(IAsyncResult asyncResult, Controller controller)
	      at System.Web.Mvc.Async.AsyncResultWrapper.WrappedAsyncVoid`1.CallEndDelegate(IAsyncResult asyncResult)
	      at System.Web.Mvc.Async.AsyncResultWrapper.WrappedAsyncResultBase`1.End()
	      at System.Web.Mvc.Controller.EndExecute(IAsyncResult asyncResult)
	      at System.Web.Mvc.Controller.System.Web.Mvc.Async.IAsyncController.EndExecute(IAsyncResult asyncResult)
	      at System.Web.Mvc.MvcHandler.<BeginProcessRequest>b__5(IAsyncResult asyncResult, ProcessRequestState innerState)
	      at System.Web.Mvc.Async.AsyncResultWrapper.WrappedAsyncVoid`1.CallEndDelegate(IAsyncResult asyncResult)
	      at System.Web.Mvc.Async.AsyncResultWrapper.WrappedAsyncResultBase`1.End()
	      at System.Web.Mvc.MvcHandler.EndProcessRequest(IAsyncResult asyncResult)
	      at System.Web.Mvc.MvcHandler.System.Web.IHttpAsyncHandler.EndProcessRequest(IAsyncResult result)
	      at System.Web.HttpApplication.CallHandlerExecutionStep.System.Web.HttpApplication.IExecutionStep.Execute()
	      at System.Web.HttpApplication.ExecuteStepImpl(IExecutionStep step)
	      at System.Web.HttpApplication.ExecuteStep(IExecutionStep step, Boolean& completedSynchronously)
	------------------------------------------------------------------------------------------

		>> Initializing[Volvo.LAT.POLineDomain.DomainLayer.Entities.ContractType#e92772ad-f7d6-4069-8ffc-03e2213295a7]-Could not initialize proxy - no Session.

		   Type: NHibernate.LazyInitializationException
		      at NHibernate.Proxy.AbstractLazyInitializer.Initialize()
		      at NHibernate.Proxy.DefaultLazyInitializer.Intercept(InvocationInfo info)
		      at ContractTypeProxy.get_Name()
		------------------------------------------------------------------------------------------


2019-04-03T15:51:10.1963799Z	ErrorId: e5a7dfeb-f977-4d02-95ee-a5eadc5207fe

	Utc:		2019-04-03T15:51:10.1963799Z
	Machine:	DESKTOP-EJ5OVBG
	Application:	C:\Program Files (x86)\IIS Express\iisexpress.exe
	System:		Volvo/NVS/POS
	Version:	Vunknown. Build date is unknown
	Description:	-
	Transaction:	-

	Exception stack: 2 level(s)
	------------------------------------------------------------------------------------------

	>> Exception has been thrown by the target of an invocation.

	   Type: System.Reflection.TargetInvocationException
	      at System.RuntimeMethodHandle.InvokeMethod(Object target, Object[] arguments, Signature sig, Boolean constructor)
	      at System.Reflection.RuntimeMethodInfo.UnsafeInvokeInternal(Object obj, Object[] parameters, Object[] arguments)
	      at System.Reflection.RuntimeMethodInfo.Invoke(Object obj, BindingFlags invokeAttr, Binder binder, Object[] parameters, CultureInfo culture)
	      at System.Web.SecurityUtils.MethodInfoInvoke(MethodInfo method, Object target, Object[] args)
	      at System.Web.Script.Serialization.JavaScriptSerializer.SerializeCustomObject(Object o, StringBuilder sb, Int32 depth, Hashtable objectsInUse, SerializationFormat serializationFormat)
	      at System.Web.Script.Serialization.JavaScriptSerializer.SerializeValueInternal(Object o, StringBuilder sb, Int32 depth, Hashtable objectsInUse, SerializationFormat serializationFormat, MemberInfo currentMember)
	      at System.Web.Script.Serialization.JavaScriptSerializer.SerializeValue(Object o, StringBuilder sb, Int32 depth, Hashtable objectsInUse, SerializationFormat serializationFormat, MemberInfo currentMember)
	      at System.Web.Script.Serialization.JavaScriptSerializer.SerializeCustomObject(Object o, StringBuilder sb, Int32 depth, Hashtable objectsInUse, SerializationFormat serializationFormat)
	      at System.Web.Script.Serialization.JavaScriptSerializer.SerializeValueInternal(Object o, StringBuilder sb, Int32 depth, Hashtable objectsInUse, SerializationFormat serializationFormat, MemberInfo currentMember)
	      at System.Web.Script.Serialization.JavaScriptSerializer.SerializeValue(Object o, StringBuilder sb, Int32 depth, Hashtable objectsInUse, SerializationFormat serializationFormat, MemberInfo currentMember)
	      at System.Web.Script.Serialization.JavaScriptSerializer.SerializeEnumerable(IEnumerable enumerable, StringBuilder sb, Int32 depth, Hashtable objectsInUse, SerializationFormat serializationFormat)
	      at System.Web.Script.Serialization.JavaScriptSerializer.SerializeValueInternal(Object o, StringBuilder sb, Int32 depth, Hashtable objectsInUse, SerializationFormat serializationFormat, MemberInfo currentMember)
	      at System.Web.Script.Serialization.JavaScriptSerializer.SerializeValue(Object o, StringBuilder sb, Int32 depth, Hashtable objectsInUse, SerializationFormat serializationFormat, MemberInfo currentMember)
	      at System.Web.Script.Serialization.JavaScriptSerializer.SerializeCustomObject(Object o, StringBuilder sb, Int32 depth, Hashtable objectsInUse, SerializationFormat serializationFormat)
	      at System.Web.Script.Serialization.JavaScriptSerializer.SerializeValueInternal(Object o, StringBuilder sb, Int32 depth, Hashtable objectsInUse, SerializationFormat serializationFormat, MemberInfo currentMember)
	      at System.Web.Script.Serialization.JavaScriptSerializer.SerializeValue(Object o, StringBuilder sb, Int32 depth, Hashtable objectsInUse, SerializationFormat serializationFormat, MemberInfo currentMember)
	      at System.Web.Script.Serialization.JavaScriptSerializer.Serialize(Object obj, StringBuilder output, SerializationFormat serializationFormat)
	      at System.Web.Script.Serialization.JavaScriptSerializer.Serialize(Object obj, SerializationFormat serializationFormat)
	      at System.Web.Mvc.JsonResult.ExecuteResult(ControllerContext context)
	      at System.Web.Mvc.ControllerActionInvoker.InvokeActionResult(ControllerContext controllerContext, ActionResult actionResult)
	      at System.Web.Mvc.ControllerActionInvoker.InvokeActionResultFilterRecursive(IList`1 filters, Int32 filterIndex, ResultExecutingContext preContext, ControllerContext controllerContext, ActionResult actionResult)
	      at System.Web.Mvc.ControllerActionInvoker.InvokeActionResultFilterRecursive(IList`1 filters, Int32 filterIndex, ResultExecutingContext preContext, ControllerContext controllerContext, ActionResult actionResult)
	      at System.Web.Mvc.ControllerActionInvoker.InvokeActionResultWithFilters(ControllerContext controllerContext, IList`1 filters, ActionResult actionResult)
	      at System.Web.Mvc.Async.AsyncControllerActionInvoker.<>c__DisplayClass21.<>c__DisplayClass2b.<BeginInvokeAction>b__1c()
	      at System.Web.Mvc.Async.AsyncControllerActionInvoker.<>c__DisplayClass21.<BeginInvokeAction>b__1e(IAsyncResult asyncResult)
	      at System.Web.Mvc.Async.AsyncResultWrapper.WrappedAsyncResult`1.CallEndDelegate(IAsyncResult asyncResult)
	      at System.Web.Mvc.Async.AsyncResultWrapper.WrappedAsyncResultBase`1.End()
	      at System.Web.Mvc.Async.AsyncControllerActionInvoker.EndInvokeAction(IAsyncResult asyncResult)
	      at System.Web.Mvc.Controller.<BeginExecuteCore>b__1d(IAsyncResult asyncResult, ExecuteCoreState innerState)
	      at System.Web.Mvc.Async.AsyncResultWrapper.WrappedAsyncVoid`1.CallEndDelegate(IAsyncResult asyncResult)
	      at System.Web.Mvc.Async.AsyncResultWrapper.WrappedAsyncResultBase`1.End()
	      at System.Web.Mvc.Controller.EndExecuteCore(IAsyncResult asyncResult)
	      at System.Web.Mvc.Controller.<BeginExecute>b__15(IAsyncResult asyncResult, Controller controller)
	      at System.Web.Mvc.Async.AsyncResultWrapper.WrappedAsyncVoid`1.CallEndDelegate(IAsyncResult asyncResult)
	      at System.Web.Mvc.Async.AsyncResultWrapper.WrappedAsyncResultBase`1.End()
	      at System.Web.Mvc.Controller.EndExecute(IAsyncResult asyncResult)
	      at System.Web.Mvc.Controller.System.Web.Mvc.Async.IAsyncController.EndExecute(IAsyncResult asyncResult)
	      at System.Web.Mvc.MvcHandler.<BeginProcessRequest>b__5(IAsyncResult asyncResult, ProcessRequestState innerState)
	      at System.Web.Mvc.Async.AsyncResultWrapper.WrappedAsyncVoid`1.CallEndDelegate(IAsyncResult asyncResult)
	      at System.Web.Mvc.Async.AsyncResultWrapper.WrappedAsyncResultBase`1.End()
	      at System.Web.Mvc.MvcHandler.EndProcessRequest(IAsyncResult asyncResult)
	      at System.Web.Mvc.MvcHandler.System.Web.IHttpAsyncHandler.EndProcessRequest(IAsyncResult result)
	      at System.Web.HttpApplication.CallHandlerExecutionStep.System.Web.HttpApplication.IExecutionStep.Execute()
	      at System.Web.HttpApplication.ExecuteStepImpl(IExecutionStep step)
	      at System.Web.HttpApplication.ExecuteStep(IExecutionStep step, Boolean& completedSynchronously)
	------------------------------------------------------------------------------------------

		>> Initializing[Volvo.LAT.POLineDomain.DomainLayer.Entities.ContractType#e92772ad-f7d6-4069-8ffc-03e2213295a7]-Could not initialize proxy - no Session.

		   Type: NHibernate.LazyInitializationException
		      at NHibernate.Proxy.AbstractLazyInitializer.Initialize()
		      at NHibernate.Proxy.DefaultLazyInitializer.Intercept(InvocationInfo info)
		      at ContractTypeProxy.get_Name()
		------------------------------------------------------------------------------------------


2019-04-03T15:52:38.8179913Z	ErrorId: 1c3fb86d-7d77-434f-9a08-7d2e58b45f80

	Utc:		2019-04-03T15:52:38.8179913Z
	Machine:	DESKTOP-EJ5OVBG
	Application:	C:\Program Files (x86)\IIS Express\iisexpress.exe
	System:		Volvo/NVS/POS
	Version:	Vunknown. Build date is unknown
	Description:	-
	Transaction:	-

	Exception stack: 2 level(s)
	------------------------------------------------------------------------------------------

	>> The transaction has aborted.

	   Type: System.Transactions.TransactionAbortedException
	      at System.Transactions.TransactionStateAborted.EndCommit(InternalTransaction tx)
	      at System.Transactions.CommittableTransaction.Commit()
	      at System.Transactions.TransactionScope.InternalDispose()
	      at System.Transactions.TransactionScope.Dispose()
	      at Volvo.LAT.UserDomain.DomainLayer.UserService.UpdateUser(User user) in C:\Users\Bikram Singh\Downloads\Src\NVSComponents\UserDomain\Services\DomainLayer\UserService.cs:line 234
	      at Volvo.LAT.UserDomain.DomainLayer.UserService.SaveUserLoginTime() in C:\Users\Bikram Singh\Downloads\Src\NVSComponents\UserDomain\Services\DomainLayer\UserService.cs:line 210
	      at Volvo.LAT.MVCWebUIComponent.MvcApplication.Session_Start(Object sender, EventArgs e) in C:\Users\Bikram Singh\Downloads\Src\NVSComponents\MVCWebUIComponent\Global.asax.cs:line 104
	      at System.Web.SessionState.SessionStateModule.RaiseOnStart(EventArgs e)
	      at System.Web.SessionState.SessionStateModule.CompleteAcquireState()
	      at System.Web.SessionState.SessionStateModule.BeginAcquireState(Object source, EventArgs e, AsyncCallback cb, Object extraData)
	      at System.Web.HttpApplication.AsyncEventExecutionStep.System.Web.HttpApplication.IExecutionStep.Execute()
	      at System.Web.HttpApplication.ExecuteStepImpl(IExecutionStep step)
	      at System.Web.HttpApplication.ExecuteStep(IExecutionStep step, Boolean& completedSynchronously)
	------------------------------------------------------------------------------------------

		>> Row was updated or deleted by another transaction (or unsaved-value mapping was incorrect): [Volvo.LAT.UserDomain.DomainLayer.Entities.User#202]

		   Type: NHibernate.StaleObjectStateException
		      at NHibernate.Persister.Entity.AbstractEntityPersister.Update(Object id, Object[] fields, Object[] oldFields, Object rowId, Boolean[] includeProperty, Int32 j, Object oldVersion, Object obj, SqlCommandInfo sql, ISessionImplementor session)
		      at NHibernate.Persister.Entity.AbstractEntityPersister.UpdateOrInsert(Object id, Object[] fields, Object[] oldFields, Object rowId, Boolean[] includeProperty, Int32 j, Object oldVersion, Object obj, SqlCommandInfo sql, ISessionImplementor session)
		      at NHibernate.Persister.Entity.AbstractEntityPersister.Update(Object id, Object[] fields, Int32[] dirtyFields, Boolean hasDirtyCollection, Object[] oldFields, Object oldVersion, Object obj, Object rowId, ISessionImplementor session)
		      at NHibernate.Action.EntityUpdateAction.Execute()
		      at NHibernate.Engine.ActionQueue.Execute(IExecutable executable)
		      at NHibernate.Engine.ActionQueue.ExecuteActions(IList list)
		      at NHibernate.Engine.ActionQueue.ExecuteActions()
		      at NHibernate.Event.Default.AbstractFlushingEventListener.PerformExecutions(IEventSource session)
		      at NHibernate.Event.Default.DefaultFlushEventListener.OnFlush(FlushEvent event)
		      at NHibernate.Impl.SessionImpl.Flush()
		      at NHibernate.Transaction.AdoNetWithDistributedTransactionFactory.DistributedTransactionContext.System.Transactions.IEnlistmentNotification.Prepare(PreparingEnlistment preparingEnlistment)
		------------------------------------------------------------------------------------------


2019-04-03T16:00:08.9042802Z	ErrorId: aaf50664-4501-44fc-a87b-f91fc54b745e

	Utc:		2019-04-03T16:00:08.9042802Z
	Machine:	DESKTOP-EJ5OVBG
	Application:	C:\Program Files (x86)\IIS Express\iisexpress.exe
	System:		Volvo/NVS/POS
	Version:	Vunknown. Build date is unknown
	Description:	-
	Transaction:	-

	Exception stack: 2 level(s)
	------------------------------------------------------------------------------------------

	>> Exception has been thrown by the target of an invocation.

	   Type: System.Reflection.TargetInvocationException
	      at System.RuntimeMethodHandle.InvokeMethod(Object target, Object[] arguments, Signature sig, Boolean constructor)
	      at System.Reflection.RuntimeMethodInfo.UnsafeInvokeInternal(Object obj, Object[] parameters, Object[] arguments)
	      at System.Reflection.RuntimeMethodInfo.Invoke(Object obj, BindingFlags invokeAttr, Binder binder, Object[] parameters, CultureInfo culture)
	      at System.Web.SecurityUtils.MethodInfoInvoke(MethodInfo method, Object target, Object[] args)
	      at System.Web.Script.Serialization.JavaScriptSerializer.SerializeCustomObject(Object o, StringBuilder sb, Int32 depth, Hashtable objectsInUse, SerializationFormat serializationFormat)
	      at System.Web.Script.Serialization.JavaScriptSerializer.SerializeValueInternal(Object o, StringBuilder sb, Int32 depth, Hashtable objectsInUse, SerializationFormat serializationFormat, MemberInfo currentMember)
	      at System.Web.Script.Serialization.JavaScriptSerializer.SerializeValue(Object o, StringBuilder sb, Int32 depth, Hashtable objectsInUse, SerializationFormat serializationFormat, MemberInfo currentMember)
	      at System.Web.Script.Serialization.JavaScriptSerializer.SerializeCustomObject(Object o, StringBuilder sb, Int32 depth, Hashtable objectsInUse, SerializationFormat serializationFormat)
	      at System.Web.Script.Serialization.JavaScriptSerializer.SerializeValueInternal(Object o, StringBuilder sb, Int32 depth, Hashtable objectsInUse, SerializationFormat serializationFormat, MemberInfo currentMember)
	      at System.Web.Script.Serialization.JavaScriptSerializer.SerializeValue(Object o, StringBuilder sb, Int32 depth, Hashtable objectsInUse, SerializationFormat serializationFormat, MemberInfo currentMember)
	      at System.Web.Script.Serialization.JavaScriptSerializer.SerializeEnumerable(IEnumerable enumerable, StringBuilder sb, Int32 depth, Hashtable objectsInUse, SerializationFormat serializationFormat)
	      at System.Web.Script.Serialization.JavaScriptSerializer.SerializeValueInternal(Object o, StringBuilder sb, Int32 depth, Hashtable objectsInUse, SerializationFormat serializationFormat, MemberInfo currentMember)
	      at System.Web.Script.Serialization.JavaScriptSerializer.SerializeValue(Object o, StringBuilder sb, Int32 depth, Hashtable objectsInUse, SerializationFormat serializationFormat, MemberInfo currentMember)
	      at System.Web.Script.Serialization.JavaScriptSerializer.SerializeCustomObject(Object o, StringBuilder sb, Int32 depth, Hashtable objectsInUse, SerializationFormat serializationFormat)
	      at System.Web.Script.Serialization.JavaScriptSerializer.SerializeValueInternal(Object o, StringBuilder sb, Int32 depth, Hashtable objectsInUse, SerializationFormat serializationFormat, MemberInfo currentMember)
	      at System.Web.Script.Serialization.JavaScriptSerializer.SerializeValue(Object o, StringBuilder sb, Int32 depth, Hashtable objectsInUse, SerializationFormat serializationFormat, MemberInfo currentMember)
	      at System.Web.Script.Serialization.JavaScriptSerializer.Serialize(Object obj, StringBuilder output, SerializationFormat serializationFormat)
	      at System.Web.Script.Serialization.JavaScriptSerializer.Serialize(Object obj, SerializationFormat serializationFormat)
	      at System.Web.Mvc.JsonResult.ExecuteResult(ControllerContext context)
	      at System.Web.Mvc.ControllerActionInvoker.InvokeActionResult(ControllerContext controllerContext, ActionResult actionResult)
	      at System.Web.Mvc.ControllerActionInvoker.InvokeActionResultFilterRecursive(IList`1 filters, Int32 filterIndex, ResultExecutingContext preContext, ControllerContext controllerContext, ActionResult actionResult)
	      at System.Web.Mvc.ControllerActionInvoker.InvokeActionResultFilterRecursive(IList`1 filters, Int32 filterIndex, ResultExecutingContext preContext, ControllerContext controllerContext, ActionResult actionResult)
	      at System.Web.Mvc.ControllerActionInvoker.InvokeActionResultWithFilters(ControllerContext controllerContext, IList`1 filters, ActionResult actionResult)
	      at System.Web.Mvc.Async.AsyncControllerActionInvoker.<>c__DisplayClass21.<>c__DisplayClass2b.<BeginInvokeAction>b__1c()
	      at System.Web.Mvc.Async.AsyncControllerActionInvoker.<>c__DisplayClass21.<BeginInvokeAction>b__1e(IAsyncResult asyncResult)
	      at System.Web.Mvc.Async.AsyncResultWrapper.WrappedAsyncResult`1.CallEndDelegate(IAsyncResult asyncResult)
	      at System.Web.Mvc.Async.AsyncResultWrapper.WrappedAsyncResultBase`1.End()
	      at System.Web.Mvc.Async.AsyncControllerActionInvoker.EndInvokeAction(IAsyncResult asyncResult)
	      at System.Web.Mvc.Controller.<BeginExecuteCore>b__1d(IAsyncResult asyncResult, ExecuteCoreState innerState)
	      at System.Web.Mvc.Async.AsyncResultWrapper.WrappedAsyncVoid`1.CallEndDelegate(IAsyncResult asyncResult)
	      at System.Web.Mvc.Async.AsyncResultWrapper.WrappedAsyncResultBase`1.End()
	      at System.Web.Mvc.Controller.EndExecuteCore(IAsyncResult asyncResult)
	      at System.Web.Mvc.Controller.<BeginExecute>b__15(IAsyncResult asyncResult, Controller controller)
	      at System.Web.Mvc.Async.AsyncResultWrapper.WrappedAsyncVoid`1.CallEndDelegate(IAsyncResult asyncResult)
	      at System.Web.Mvc.Async.AsyncResultWrapper.WrappedAsyncResultBase`1.End()
	      at System.Web.Mvc.Controller.EndExecute(IAsyncResult asyncResult)
	      at System.Web.Mvc.Controller.System.Web.Mvc.Async.IAsyncController.EndExecute(IAsyncResult asyncResult)
	      at System.Web.Mvc.MvcHandler.<BeginProcessRequest>b__5(IAsyncResult asyncResult, ProcessRequestState innerState)
	      at System.Web.Mvc.Async.AsyncResultWrapper.WrappedAsyncVoid`1.CallEndDelegate(IAsyncResult asyncResult)
	      at System.Web.Mvc.Async.AsyncResultWrapper.WrappedAsyncResultBase`1.End()
	      at System.Web.Mvc.MvcHandler.EndProcessRequest(IAsyncResult asyncResult)
	      at System.Web.Mvc.MvcHandler.System.Web.IHttpAsyncHandler.EndProcessRequest(IAsyncResult result)
	      at System.Web.HttpApplication.CallHandlerExecutionStep.System.Web.HttpApplication.IExecutionStep.Execute()
	      at System.Web.HttpApplication.ExecuteStepImpl(IExecutionStep step)
	      at System.Web.HttpApplication.ExecuteStep(IExecutionStep step, Boolean& completedSynchronously)
	------------------------------------------------------------------------------------------

		>> Initializing[Volvo.LAT.POLineDomain.DomainLayer.Entities.ContractType#e92772ad-f7d6-4069-8ffc-03e2213295a7]-Could not initialize proxy - no Session.

		   Type: NHibernate.LazyInitializationException
		      at NHibernate.Proxy.AbstractLazyInitializer.Initialize()
		      at NHibernate.Proxy.DefaultLazyInitializer.Intercept(InvocationInfo info)
		      at ContractTypeProxy.get_Name()
		------------------------------------------------------------------------------------------


