2019-04-08T18:51:34.7957986Z	ErrorId: 563b21da-1fcd-44aa-84aa-693d3cf4b7b0

	Utc:		2019-04-08T18:51:34.7957986Z
	Machine:	DESKTOP-EJ5OVBG
	Application:	C:\Program Files (x86)\IIS Express\iisexpress.exe
	System:		Volvo/NVS/POS
	Version:	Vunknown. Build date is unknown
	Description:	-
	Transaction:	-

	Exception stack: 1 level(s)
	------------------------------------------------------------------------------------------

	>> Min should be less than Max.

	   Type: System.ArgumentException
	      at Kendo.Mvc.UI.DatePicker.VerifySettings()
	      at Kendo.Mvc.UI.WidgetBase.WriteHtml(HtmlTextWriter writer)
	      at Kendo.Mvc.UI.DatePicker.WriteHtml(HtmlTextWriter writer)
	      at Kendo.Mvc.UI.WidgetBase.ToHtmlString()
	      at Kendo.Mvc.UI.Fluent.WidgetBuilderBase`2.ToHtmlString()
	      at System.Web.HttpUtility.HtmlEncode(Object value)
	      at System.Web.WebPages.WebPageBase.Write(Object value)
	      at ASP._Page_Views_Shared__SearchPO_cshtml.Execute() in c:\Users\Bikram Singh\Downloads\Src\NVSComponents\MVCWebUIComponent\Views\Shared\_SearchPO.cshtml:line 23
	      at System.Web.WebPages.WebPageBase.ExecutePageHierarchy()
	      at System.Web.Mvc.WebViewPage.ExecutePageHierarchy()
	      at System.Web.WebPages.WebPageBase.ExecutePageHierarchy(WebPageContext pageContext, TextWriter writer, WebPageRenderingBase startPage)
	      at System.Web.Mvc.RazorView.RenderView(ViewContext viewContext, TextWriter writer, Object instance)
	      at System.Web.Mvc.BuildManagerCompiledView.Render(ViewContext viewContext, TextWriter writer)
	      at System.Web.Mvc.HtmlHelper.RenderPartialInternal(String partialViewName, ViewDataDictionary viewData, Object model, TextWriter writer, ViewEngineCollection viewEngineCollection)
	      at System.Web.Mvc.Html.PartialExtensions.Partial(HtmlHelper htmlHelper, String partialViewName, Object model, ViewDataDictionary viewData)
	      at System.Web.Mvc.Html.PartialExtensions.Partial(HtmlHelper htmlHelper, String partialViewName)
	      at ASP._Page_Views_Home_Index_cshtml.Execute() in c:\Users\Bikram Singh\Downloads\Src\NVSComponents\MVCWebUIComponent\Views\Home\Index.cshtml:line 11
	      at System.Web.WebPages.WebPageBase.ExecutePageHierarchy()
	      at System.Web.Mvc.WebViewPage.ExecutePageHierarchy()
	      at System.Web.WebPages.StartPage.RunPage()
	      at System.Web.WebPages.StartPage.ExecutePageHierarchy()
	      at System.Web.WebPages.WebPageBase.ExecutePageHierarchy(WebPageContext pageContext, TextWriter writer, WebPageRenderingBase startPage)
	      at System.Web.Mvc.RazorView.RenderView(ViewContext viewContext, TextWriter writer, Object instance)
	      at System.Web.Mvc.BuildManagerCompiledView.Render(ViewContext viewContext, TextWriter writer)
	      at System.Web.Mvc.ViewResultBase.ExecuteResult(ControllerContext context)
	      at System.Web.Mvc.ControllerActionInvoker.InvokeActionResult(ControllerContext controllerContext, ActionResult actionResult)
	      at System.Web.Mvc.ControllerActionInvoker.InvokeActionResultFilterRecursive(IList`1 filters, Int32 filterIndex, ResultExecutingContext preContext, ControllerContext controllerContext, ActionResult actionResult)
	      at System.Web.Mvc.ControllerActionInvoker.InvokeActionResultFilterRecursive(IList`1 filters, Int32 filterIndex, ResultExecutingContext preContext, ControllerContext controllerContext, ActionResult actionResult)
	      at System.Web.Mvc.ControllerActionInvoker.InvokeActionResultWithFilters(ControllerContext controllerContext, IList`1 filters, ActionResult actionResult)
	      at System.Web.Mvc.Async.AsyncControllerActionInvoker.<>c__DisplayClass21.<>c__DisplayClass2b.<BeginInvokeAction>b__1c()
	      at System.Web.Mvc.Async.AsyncControllerActionInvoker.<>c__DisplayClass21.<BeginInvokeAction>b__1e(IAsyncResult asyncResult)
	      at System.Web.Mvc.Async.AsyncResultWrapper.WrappedAsyncResult`1.CallEndDelegate(IAsyncResult asyncResult)
	      at System.Web.Mvc.Async.AsyncResultWrapper.WrappedAsyncResultBase`1.End()
	      at System.Web.Mvc.Async.AsyncControllerActionInvoker.EndInvokeAction(IAsyncResult asyncResult)
	      at System.Web.Mvc.Controller.<BeginExecuteCore>b__1d(IAsyncResult asyncResult, ExecuteCoreState innerState)
	      at System.Web.Mvc.Async.AsyncResultWrapper.WrappedAsyncVoid`1.CallEndDelegate(IAsyncResult asyncResult)
	      at System.Web.Mvc.Async.AsyncResultWrapper.WrappedAsyncResultBase`1.End()
	      at System.Web.Mvc.Controller.EndExecuteCore(IAsyncResult asyncResult)
	      at System.Web.Mvc.Controller.<BeginExecute>b__15(IAsyncResult asyncResult, Controller controller)
	      at System.Web.Mvc.Async.AsyncResultWrapper.WrappedAsyncVoid`1.CallEndDelegate(IAsyncResult asyncResult)
	      at System.Web.Mvc.Async.AsyncResultWrapper.WrappedAsyncResultBase`1.End()
	      at System.Web.Mvc.Controller.EndExecute(IAsyncResult asyncResult)
	      at System.Web.Mvc.Controller.System.Web.Mvc.Async.IAsyncController.EndExecute(IAsyncResult asyncResult)
	      at System.Web.Mvc.MvcHandler.<BeginProcessRequest>b__5(IAsyncResult asyncResult, ProcessRequestState innerState)
	      at System.Web.Mvc.Async.AsyncResultWrapper.WrappedAsyncVoid`1.CallEndDelegate(IAsyncResult asyncResult)
	      at System.Web.Mvc.Async.AsyncResultWrapper.WrappedAsyncResultBase`1.End()
	      at System.Web.Mvc.MvcHandler.EndProcessRequest(IAsyncResult asyncResult)
	      at System.Web.Mvc.MvcHandler.System.Web.IHttpAsyncHandler.EndProcessRequest(IAsyncResult result)
	      at System.Web.HttpApplication.CallHandlerExecutionStep.System.Web.HttpApplication.IExecutionStep.Execute()
	      at System.Web.HttpApplication.ExecuteStepImpl(IExecutionStep step)
	      at System.Web.HttpApplication.ExecuteStep(IExecutionStep step, Boolean& completedSynchronously)
	------------------------------------------------------------------------------------------


2019-04-08T18:52:16.4949205Z	ErrorId: 864dae59-55ca-4d71-99ea-063403ba59cc

	Utc:		2019-04-08T18:52:16.4949205Z
	Machine:	DESKTOP-EJ5OVBG
	Application:	C:\Program Files (x86)\IIS Express\iisexpress.exe
	System:		Volvo/NVS/POS
	Version:	Vunknown. Build date is unknown
	Description:	-
	Transaction:	-

	Exception stack: 1 level(s)
	------------------------------------------------------------------------------------------

	>> Min should be less than Max.

	   Type: System.ArgumentException
	      at Kendo.Mvc.UI.DatePicker.VerifySettings()
	      at Kendo.Mvc.UI.WidgetBase.WriteHtml(HtmlTextWriter writer)
	      at Kendo.Mvc.UI.DatePicker.WriteHtml(HtmlTextWriter writer)
	      at Kendo.Mvc.UI.WidgetBase.ToHtmlString()
	      at Kendo.Mvc.UI.Fluent.WidgetBuilderBase`2.ToHtmlString()
	      at System.Web.HttpUtility.HtmlEncode(Object value)
	      at System.Web.WebPages.WebPageBase.Write(Object value)
	      at ASP._Page_Views_Shared__SearchPO_cshtml.Execute() in c:\Users\Bikram Singh\Downloads\Src\NVSComponents\MVCWebUIComponent\Views\Shared\_SearchPO.cshtml:line 23
	      at System.Web.WebPages.WebPageBase.ExecutePageHierarchy()
	      at System.Web.Mvc.WebViewPage.ExecutePageHierarchy()
	      at System.Web.WebPages.WebPageBase.ExecutePageHierarchy(WebPageContext pageContext, TextWriter writer, WebPageRenderingBase startPage)
	      at System.Web.Mvc.RazorView.RenderView(ViewContext viewContext, TextWriter writer, Object instance)
	      at System.Web.Mvc.BuildManagerCompiledView.Render(ViewContext viewContext, TextWriter writer)
	      at System.Web.Mvc.HtmlHelper.RenderPartialInternal(String partialViewName, ViewDataDictionary viewData, Object model, TextWriter writer, ViewEngineCollection viewEngineCollection)
	      at System.Web.Mvc.Html.PartialExtensions.Partial(HtmlHelper htmlHelper, String partialViewName, Object model, ViewDataDictionary viewData)
	      at System.Web.Mvc.Html.PartialExtensions.Partial(HtmlHelper htmlHelper, String partialViewName)
	      at ASP._Page_Views_Home_Index_cshtml.Execute() in c:\Users\Bikram Singh\Downloads\Src\NVSComponents\MVCWebUIComponent\Views\Home\Index.cshtml:line 11
	      at System.Web.WebPages.WebPageBase.ExecutePageHierarchy()
	      at System.Web.Mvc.WebViewPage.ExecutePageHierarchy()
	      at System.Web.WebPages.StartPage.RunPage()
	      at System.Web.WebPages.StartPage.ExecutePageHierarchy()
	      at System.Web.WebPages.WebPageBase.ExecutePageHierarchy(WebPageContext pageContext, TextWriter writer, WebPageRenderingBase startPage)
	      at System.Web.Mvc.RazorView.RenderView(ViewContext viewContext, TextWriter writer, Object instance)
	      at System.Web.Mvc.BuildManagerCompiledView.Render(ViewContext viewContext, TextWriter writer)
	      at System.Web.Mvc.ViewResultBase.ExecuteResult(ControllerContext context)
	      at System.Web.Mvc.ControllerActionInvoker.InvokeActionResult(ControllerContext controllerContext, ActionResult actionResult)
	      at System.Web.Mvc.ControllerActionInvoker.InvokeActionResultFilterRecursive(IList`1 filters, Int32 filterIndex, ResultExecutingContext preContext, ControllerContext controllerContext, ActionResult actionResult)
	      at System.Web.Mvc.ControllerActionInvoker.InvokeActionResultFilterRecursive(IList`1 filters, Int32 filterIndex, ResultExecutingContext preContext, ControllerContext controllerContext, ActionResult actionResult)
	      at System.Web.Mvc.ControllerActionInvoker.InvokeActionResultWithFilters(ControllerContext controllerContext, IList`1 filters, ActionResult actionResult)
	      at System.Web.Mvc.Async.AsyncControllerActionInvoker.<>c__DisplayClass21.<>c__DisplayClass2b.<BeginInvokeAction>b__1c()
	      at System.Web.Mvc.Async.AsyncControllerActionInvoker.<>c__DisplayClass21.<BeginInvokeAction>b__1e(IAsyncResult asyncResult)
	      at System.Web.Mvc.Async.AsyncResultWrapper.WrappedAsyncResult`1.CallEndDelegate(IAsyncResult asyncResult)
	      at System.Web.Mvc.Async.AsyncResultWrapper.WrappedAsyncResultBase`1.End()
	      at System.Web.Mvc.Async.AsyncControllerActionInvoker.EndInvokeAction(IAsyncResult asyncResult)
	      at System.Web.Mvc.Controller.<BeginExecuteCore>b__1d(IAsyncResult asyncResult, ExecuteCoreState innerState)
	      at System.Web.Mvc.Async.AsyncResultWrapper.WrappedAsyncVoid`1.CallEndDelegate(IAsyncResult asyncResult)
	      at System.Web.Mvc.Async.AsyncResultWrapper.WrappedAsyncResultBase`1.End()
	      at System.Web.Mvc.Controller.EndExecuteCore(IAsyncResult asyncResult)
	      at System.Web.Mvc.Controller.<BeginExecute>b__15(IAsyncResult asyncResult, Controller controller)
	      at System.Web.Mvc.Async.AsyncResultWrapper.WrappedAsyncVoid`1.CallEndDelegate(IAsyncResult asyncResult)
	      at System.Web.Mvc.Async.AsyncResultWrapper.WrappedAsyncResultBase`1.End()
	      at System.Web.Mvc.Controller.EndExecute(IAsyncResult asyncResult)
	      at System.Web.Mvc.Controller.System.Web.Mvc.Async.IAsyncController.EndExecute(IAsyncResult asyncResult)
	      at System.Web.Mvc.MvcHandler.<BeginProcessRequest>b__5(IAsyncResult asyncResult, ProcessRequestState innerState)
	      at System.Web.Mvc.Async.AsyncResultWrapper.WrappedAsyncVoid`1.CallEndDelegate(IAsyncResult asyncResult)
	      at System.Web.Mvc.Async.AsyncResultWrapper.WrappedAsyncResultBase`1.End()
	      at System.Web.Mvc.MvcHandler.EndProcessRequest(IAsyncResult asyncResult)
	      at System.Web.Mvc.MvcHandler.System.Web.IHttpAsyncHandler.EndProcessRequest(IAsyncResult result)
	      at System.Web.HttpApplication.CallHandlerExecutionStep.System.Web.HttpApplication.IExecutionStep.Execute()
	      at System.Web.HttpApplication.ExecuteStepImpl(IExecutionStep step)
	      at System.Web.HttpApplication.ExecuteStep(IExecutionStep step, Boolean& completedSynchronously)
	------------------------------------------------------------------------------------------


